{"/workspaces/monadojs/src/filters/empty/empty.ts": {"path":"/workspaces/monadojs/src/filters/empty/empty.ts","statementMap":{"0":{"start":{"line":1,"column":0},"end":{"line":1,"column":38}},"1":{"start":{"line":3,"column":21},"end":{"line":3,"column":34}},"2":{"start":{"line":3,"column":27},"end":{"line":3,"column":34}},"3":{"start":{"line":3,"column":13},"end":{"line":3,"column":21}}},"fnMap":{"0":{"name":"(anonymous_0)","decl":{"start":{"line":3,"column":21},"end":{"line":3,"column":24}},"loc":{"start":{"line":3,"column":27},"end":{"line":3,"column":34}}}},"branchMap":{},"s":{"0":4,"1":4,"2":10,"3":4},"f":{"0":10},"b":{}}
,"/workspaces/monadojs/src/filters/ends-with/ends-with.ts": {"path":"/workspaces/monadojs/src/filters/ends-with/ends-with.ts","statementMap":{"0":{"start":{"line":1,"column":0},"end":{"line":1,"column":38}},"1":{"start":{"line":3,"column":24},"end":{"line":3,"column":173}},"2":{"start":{"line":3,"column":46},"end":{"line":3,"column":173}},"3":{"start":{"line":3,"column":92},"end":{"line":3,"column":173}},"4":{"start":{"line":3,"column":13},"end":{"line":3,"column":24}}},"fnMap":{"0":{"name":"(anonymous_0)","decl":{"start":{"line":3,"column":24},"end":{"line":3,"column":25}},"loc":{"start":{"line":3,"column":46},"end":{"line":3,"column":173}}},"1":{"name":"(anonymous_1)","decl":{"start":{"line":3,"column":46},"end":{"line":3,"column":65}},"loc":{"start":{"line":3,"column":92},"end":{"line":3,"column":173}}}},"branchMap":{"0":{"loc":{"start":{"line":3,"column":92},"end":{"line":3,"column":173}},"type":"cond-expr","locations":[{"start":{"line":3,"column":113},"end":{"line":3,"column":145}},{"start":{"line":3,"column":148},"end":{"line":3,"column":173}}]}},"s":{"0":4,"1":4,"2":6,"3":7,"4":4},"f":{"0":6,"1":7},"b":{"0":[2,5]}}
,"/workspaces/monadojs/src/filters/eq/eq.ts": {"path":"/workspaces/monadojs/src/filters/eq/eq.ts","statementMap":{"0":{"start":{"line":1,"column":0},"end":{"line":1,"column":38}},"1":{"start":{"line":3,"column":18},"end":{"line":3,"column":137}},"2":{"start":{"line":3,"column":91},"end":{"line":3,"column":137}},"3":{"start":{"line":3,"column":108},"end":{"line":3,"column":137}},"4":{"start":{"line":3,"column":13},"end":{"line":3,"column":18}}},"fnMap":{"0":{"name":"(anonymous_0)","decl":{"start":{"line":3,"column":18},"end":{"line":3,"column":22}},"loc":{"start":{"line":3,"column":91},"end":{"line":3,"column":137}}},"1":{"name":"(anonymous_1)","decl":{"start":{"line":3,"column":91},"end":{"line":3,"column":95}},"loc":{"start":{"line":3,"column":108},"end":{"line":3,"column":137}}}},"branchMap":{"0":{"loc":{"start":{"line":3,"column":35},"end":{"line":3,"column":86}},"type":"default-arg","locations":[{"start":{"line":3,"column":79},"end":{"line":3,"column":86}}]}},"s":{"0":5,"1":5,"2":26,"3":42,"4":5},"f":{"0":26,"1":42},"b":{"0":[25]}}
,"/workspaces/monadojs/src/filters/gt/gt.ts": {"path":"/workspaces/monadojs/src/filters/gt/gt.ts","statementMap":{"0":{"start":{"line":2,"column":0},"end":{"line":2,"column":45}},"1":{"start":{"line":4,"column":18},"end":{"line":4,"column":173}},"2":{"start":{"line":4,"column":67},"end":{"line":4,"column":173}},"3":{"start":{"line":4,"column":82},"end":{"line":4,"column":173}},"4":{"start":{"line":4,"column":13},"end":{"line":4,"column":18}}},"fnMap":{"0":{"name":"(anonymous_0)","decl":{"start":{"line":4,"column":18},"end":{"line":4,"column":40}},"loc":{"start":{"line":4,"column":67},"end":{"line":4,"column":173}}},"1":{"name":"(anonymous_1)","decl":{"start":{"line":4,"column":67},"end":{"line":4,"column":68}},"loc":{"start":{"line":4,"column":82},"end":{"line":4,"column":173}}}},"branchMap":{"0":{"loc":{"start":{"line":4,"column":82},"end":{"line":4,"column":173}},"type":"cond-expr","locations":[{"start":{"line":4,"column":103},"end":{"line":4,"column":129}},{"start":{"line":4,"column":132},"end":{"line":4,"column":173}}]},"1":{"loc":{"start":{"line":4,"column":132},"end":{"line":4,"column":173}},"type":"cond-expr","locations":[{"start":{"line":4,"column":148},"end":{"line":4,"column":153}},{"start":{"line":4,"column":156},"end":{"line":4,"column":173}}]}},"s":{"0":4,"1":4,"2":10,"3":16,"4":4},"f":{"0":10,"1":16},"b":{"0":[0,16],"1":[2,14]}}
,"/workspaces/monadojs/src/filters/gte/gte.ts": {"path":"/workspaces/monadojs/src/filters/gte/gte.ts","statementMap":{"0":{"start":{"line":2,"column":0},"end":{"line":2,"column":45}},"1":{"start":{"line":4,"column":19},"end":{"line":5,"column":95}},"2":{"start":{"line":4,"column":68},"end":{"line":5,"column":95}},"3":{"start":{"line":5,"column":2},"end":{"line":5,"column":95}},"4":{"start":{"line":4,"column":13},"end":{"line":4,"column":19}}},"fnMap":{"0":{"name":"(anonymous_0)","decl":{"start":{"line":4,"column":19},"end":{"line":4,"column":41}},"loc":{"start":{"line":4,"column":68},"end":{"line":5,"column":95}}},"1":{"name":"(anonymous_1)","decl":{"start":{"line":4,"column":68},"end":{"line":4,"column":69}},"loc":{"start":{"line":5,"column":2},"end":{"line":5,"column":95}}}},"branchMap":{"0":{"loc":{"start":{"line":5,"column":2},"end":{"line":5,"column":95}},"type":"cond-expr","locations":[{"start":{"line":5,"column":23},"end":{"line":5,"column":50}},{"start":{"line":5,"column":53},"end":{"line":5,"column":95}}]},"1":{"loc":{"start":{"line":5,"column":53},"end":{"line":5,"column":95}},"type":"cond-expr","locations":[{"start":{"line":5,"column":69},"end":{"line":5,"column":74}},{"start":{"line":5,"column":77},"end":{"line":5,"column":95}}]}},"s":{"0":4,"1":4,"2":10,"3":16,"4":4},"f":{"0":10,"1":16},"b":{"0":[0,16],"1":[2,14]}}
,"/workspaces/monadojs/src/filters/includes/includes.ts": {"path":"/workspaces/monadojs/src/filters/includes/includes.ts","statementMap":{"0":{"start":{"line":1,"column":0},"end":{"line":1,"column":38}},"1":{"start":{"line":3,"column":24},"end":{"line":3,"column":144}},"2":{"start":{"line":3,"column":48},"end":{"line":3,"column":144}},"3":{"start":{"line":3,"column":66},"end":{"line":3,"column":144}},"4":{"start":{"line":3,"column":13},"end":{"line":3,"column":24}}},"fnMap":{"0":{"name":"(anonymous_0)","decl":{"start":{"line":3,"column":24},"end":{"line":3,"column":25}},"loc":{"start":{"line":3,"column":48},"end":{"line":3,"column":144}}},"1":{"name":"(anonymous_1)","decl":{"start":{"line":3,"column":48},"end":{"line":3,"column":52}},"loc":{"start":{"line":3,"column":66},"end":{"line":3,"column":144}}}},"branchMap":{"0":{"loc":{"start":{"line":3,"column":66},"end":{"line":3,"column":144}},"type":"cond-expr","locations":[{"start":{"line":3,"column":87},"end":{"line":3,"column":117}},{"start":{"line":3,"column":120},"end":{"line":3,"column":144}}]}},"s":{"0":4,"1":4,"2":4,"3":4,"4":4},"f":{"0":4,"1":4},"b":{"0":[2,2]}}
,"/workspaces/monadojs/src/filters/lt/lt.ts": {"path":"/workspaces/monadojs/src/filters/lt/lt.ts","statementMap":{"0":{"start":{"line":2,"column":0},"end":{"line":2,"column":45}},"1":{"start":{"line":4,"column":18},"end":{"line":4,"column":173}},"2":{"start":{"line":4,"column":67},"end":{"line":4,"column":173}},"3":{"start":{"line":4,"column":82},"end":{"line":4,"column":173}},"4":{"start":{"line":4,"column":13},"end":{"line":4,"column":18}}},"fnMap":{"0":{"name":"(anonymous_0)","decl":{"start":{"line":4,"column":18},"end":{"line":4,"column":40}},"loc":{"start":{"line":4,"column":67},"end":{"line":4,"column":173}}},"1":{"name":"(anonymous_1)","decl":{"start":{"line":4,"column":67},"end":{"line":4,"column":68}},"loc":{"start":{"line":4,"column":82},"end":{"line":4,"column":173}}}},"branchMap":{"0":{"loc":{"start":{"line":4,"column":82},"end":{"line":4,"column":173}},"type":"cond-expr","locations":[{"start":{"line":4,"column":103},"end":{"line":4,"column":129}},{"start":{"line":4,"column":132},"end":{"line":4,"column":173}}]},"1":{"loc":{"start":{"line":4,"column":132},"end":{"line":4,"column":173}},"type":"cond-expr","locations":[{"start":{"line":4,"column":148},"end":{"line":4,"column":153}},{"start":{"line":4,"column":156},"end":{"line":4,"column":173}}]}},"s":{"0":4,"1":4,"2":10,"3":16,"4":4},"f":{"0":10,"1":16},"b":{"0":[0,16],"1":[2,14]}}
,"/workspaces/monadojs/src/filters/lte/lte.ts": {"path":"/workspaces/monadojs/src/filters/lte/lte.ts","statementMap":{"0":{"start":{"line":2,"column":0},"end":{"line":2,"column":45}},"1":{"start":{"line":4,"column":18},"end":{"line":4,"column":175}},"2":{"start":{"line":4,"column":67},"end":{"line":4,"column":175}},"3":{"start":{"line":4,"column":82},"end":{"line":4,"column":175}},"4":{"start":{"line":4,"column":13},"end":{"line":4,"column":18}}},"fnMap":{"0":{"name":"(anonymous_0)","decl":{"start":{"line":4,"column":18},"end":{"line":4,"column":40}},"loc":{"start":{"line":4,"column":67},"end":{"line":4,"column":175}}},"1":{"name":"(anonymous_1)","decl":{"start":{"line":4,"column":67},"end":{"line":4,"column":68}},"loc":{"start":{"line":4,"column":82},"end":{"line":4,"column":175}}}},"branchMap":{"0":{"loc":{"start":{"line":4,"column":82},"end":{"line":4,"column":175}},"type":"cond-expr","locations":[{"start":{"line":4,"column":103},"end":{"line":4,"column":130}},{"start":{"line":4,"column":133},"end":{"line":4,"column":175}}]},"1":{"loc":{"start":{"line":4,"column":133},"end":{"line":4,"column":175}},"type":"cond-expr","locations":[{"start":{"line":4,"column":149},"end":{"line":4,"column":154}},{"start":{"line":4,"column":157},"end":{"line":4,"column":175}}]}},"s":{"0":4,"1":4,"2":10,"3":16,"4":4},"f":{"0":10,"1":16},"b":{"0":[0,16],"1":[2,14]}}
,"/workspaces/monadojs/src/filters/match/match.ts": {"path":"/workspaces/monadojs/src/filters/match/match.ts","statementMap":{"0":{"start":{"line":2,"column":0},"end":{"line":2,"column":38}},"1":{"start":{"line":4,"column":21},"end":{"line":4,"column":161}},"2":{"start":{"line":4,"column":72},"end":{"line":4,"column":161}},"3":{"start":{"line":4,"column":87},"end":{"line":4,"column":161}},"4":{"start":{"line":4,"column":13},"end":{"line":4,"column":21}}},"fnMap":{"0":{"name":"(anonymous_0)","decl":{"start":{"line":4,"column":21},"end":{"line":4,"column":40}},"loc":{"start":{"line":4,"column":72},"end":{"line":4,"column":161}}},"1":{"name":"(anonymous_1)","decl":{"start":{"line":4,"column":72},"end":{"line":4,"column":73}},"loc":{"start":{"line":4,"column":87},"end":{"line":4,"column":161}}}},"branchMap":{"0":{"loc":{"start":{"line":4,"column":87},"end":{"line":4,"column":161}},"type":"cond-expr","locations":[{"start":{"line":4,"column":108},"end":{"line":4,"column":137}},{"start":{"line":4,"column":140},"end":{"line":4,"column":161}}]}},"s":{"0":4,"1":4,"2":8,"3":13,"4":4},"f":{"0":8,"1":13},"b":{"0":[1,12]}}
,"/workspaces/monadojs/src/filters/nil/nil.ts": {"path":"/workspaces/monadojs/src/filters/nil/nil.ts","statementMap":{"0":{"start":{"line":1,"column":0},"end":{"line":1,"column":36}},"1":{"start":{"line":3,"column":19},"end":{"line":3,"column":30}},"2":{"start":{"line":3,"column":25},"end":{"line":3,"column":30}},"3":{"start":{"line":3,"column":13},"end":{"line":3,"column":19}}},"fnMap":{"0":{"name":"(anonymous_0)","decl":{"start":{"line":3,"column":19},"end":{"line":3,"column":22}},"loc":{"start":{"line":3,"column":25},"end":{"line":3,"column":30}}}},"branchMap":{},"s":{"0":4,"1":4,"2":10,"3":4},"f":{"0":10},"b":{}}
,"/workspaces/monadojs/src/filters/of-type/of-type.ts": {"path":"/workspaces/monadojs/src/filters/of-type/of-type.ts","statementMap":{"0":{"start":{"line":2,"column":0},"end":{"line":2,"column":126}},"1":{"start":{"line":4,"column":22},"end":{"line":15,"column":7}},"2":{"start":{"line":4,"column":39},"end":{"line":15,"column":7}},"3":{"start":{"line":5,"column":2},"end":{"line":15,"column":7}},"4":{"start":{"line":4,"column":13},"end":{"line":4,"column":22}}},"fnMap":{"0":{"name":"(anonymous_0)","decl":{"start":{"line":4,"column":22},"end":{"line":4,"column":23}},"loc":{"start":{"line":4,"column":39},"end":{"line":15,"column":7}}},"1":{"name":"(anonymous_1)","decl":{"start":{"line":4,"column":39},"end":{"line":4,"column":43}},"loc":{"start":{"line":5,"column":2},"end":{"line":15,"column":7}}}},"branchMap":{"0":{"loc":{"start":{"line":5,"column":2},"end":{"line":15,"column":7}},"type":"cond-expr","locations":[{"start":{"line":5,"column":22},"end":{"line":5,"column":37}},{"start":{"line":6,"column":2},"end":{"line":15,"column":7}}]},"1":{"loc":{"start":{"line":6,"column":2},"end":{"line":15,"column":7}},"type":"cond-expr","locations":[{"start":{"line":6,"column":22},"end":{"line":6,"column":37}},{"start":{"line":7,"column":2},"end":{"line":15,"column":7}}]},"2":{"loc":{"start":{"line":7,"column":2},"end":{"line":15,"column":7}},"type":"cond-expr","locations":[{"start":{"line":7,"column":23},"end":{"line":7,"column":39}},{"start":{"line":8,"column":2},"end":{"line":15,"column":7}}]},"3":{"loc":{"start":{"line":8,"column":2},"end":{"line":15,"column":7}},"type":"cond-expr","locations":[{"start":{"line":8,"column":22},"end":{"line":8,"column":37}},{"start":{"line":9,"column":2},"end":{"line":15,"column":7}}]},"4":{"loc":{"start":{"line":9,"column":2},"end":{"line":15,"column":7}},"type":"cond-expr","locations":[{"start":{"line":9,"column":22},"end":{"line":9,"column":37}},{"start":{"line":10,"column":2},"end":{"line":15,"column":7}}]},"5":{"loc":{"start":{"line":10,"column":2},"end":{"line":15,"column":7}},"type":"cond-expr","locations":[{"start":{"line":10,"column":24},"end":{"line":10,"column":41}},{"start":{"line":11,"column":2},"end":{"line":15,"column":7}}]},"6":{"loc":{"start":{"line":11,"column":2},"end":{"line":15,"column":7}},"type":"cond-expr","locations":[{"start":{"line":11,"column":21},"end":{"line":11,"column":35}},{"start":{"line":12,"column":2},"end":{"line":15,"column":7}}]},"7":{"loc":{"start":{"line":12,"column":2},"end":{"line":15,"column":7}},"type":"cond-expr","locations":[{"start":{"line":12,"column":20},"end":{"line":12,"column":33}},{"start":{"line":13,"column":2},"end":{"line":15,"column":7}}]},"8":{"loc":{"start":{"line":13,"column":2},"end":{"line":15,"column":7}},"type":"cond-expr","locations":[{"start":{"line":13,"column":19},"end":{"line":13,"column":31}},{"start":{"line":14,"column":2},"end":{"line":15,"column":7}}]},"9":{"loc":{"start":{"line":14,"column":2},"end":{"line":15,"column":7}},"type":"cond-expr","locations":[{"start":{"line":14,"column":22},"end":{"line":14,"column":37}},{"start":{"line":15,"column":2},"end":{"line":15,"column":7}}]}},"s":{"0":1,"1":1,"2":10,"3":130,"4":1},"f":{"0":10,"1":130},"b":{"0":[13,117],"1":[13,104],"2":[13,91],"3":[13,78],"4":[13,65],"5":[13,52],"6":[13,39],"7":[13,26],"8":[13,13],"9":[13,0]}}
,"/workspaces/monadojs/src/filters/starts-with/starts-with.ts": {"path":"/workspaces/monadojs/src/filters/starts-with/starts-with.ts","statementMap":{"0":{"start":{"line":2,"column":0},"end":{"line":2,"column":38}},"1":{"start":{"line":4,"column":26},"end":{"line":4,"column":174}},"2":{"start":{"line":4,"column":56},"end":{"line":4,"column":174}},"3":{"start":{"line":4,"column":89},"end":{"line":4,"column":174}},"4":{"start":{"line":4,"column":13},"end":{"line":4,"column":26}}},"fnMap":{"0":{"name":"(anonymous_0)","decl":{"start":{"line":4,"column":26},"end":{"line":4,"column":27}},"loc":{"start":{"line":4,"column":56},"end":{"line":4,"column":174}}},"1":{"name":"(anonymous_1)","decl":{"start":{"line":4,"column":56},"end":{"line":4,"column":75}},"loc":{"start":{"line":4,"column":89},"end":{"line":4,"column":174}}}},"branchMap":{"0":{"loc":{"start":{"line":4,"column":89},"end":{"line":4,"column":174}},"type":"cond-expr","locations":[{"start":{"line":4,"column":110},"end":{"line":4,"column":144}},{"start":{"line":4,"column":147},"end":{"line":4,"column":174}}]}},"s":{"0":4,"1":4,"2":6,"3":7,"4":4},"f":{"0":6,"1":7},"b":{"0":[2,5]}}
,"/workspaces/monadojs/src/filters/unique/unique.ts": {"path":"/workspaces/monadojs/src/filters/unique/unique.ts","statementMap":{"0":{"start":{"line":1,"column":0},"end":{"line":1,"column":43}},"1":{"start":{"line":4,"column":22},"end":{"line":5,"column":90}},"2":{"start":{"line":4,"column":71},"end":{"line":5,"column":90}},"3":{"start":{"line":5,"column":2},"end":{"line":5,"column":90}},"4":{"start":{"line":5,"column":37},"end":{"line":5,"column":79}},"5":{"start":{"line":4,"column":13},"end":{"line":4,"column":22}}},"fnMap":{"0":{"name":"(anonymous_0)","decl":{"start":{"line":4,"column":22},"end":{"line":4,"column":23}},"loc":{"start":{"line":4,"column":71},"end":{"line":5,"column":90}}},"1":{"name":"(anonymous_1)","decl":{"start":{"line":4,"column":71},"end":{"line":4,"column":75}},"loc":{"start":{"line":5,"column":2},"end":{"line":5,"column":90}}},"2":{"name":"(anonymous_2)","decl":{"start":{"line":5,"column":19},"end":{"line":5,"column":20}},"loc":{"start":{"line":5,"column":37},"end":{"line":5,"column":79}}}},"branchMap":{"0":{"loc":{"start":{"line":4,"column":23},"end":{"line":4,"column":66}},"type":"default-arg","locations":[{"start":{"line":4,"column":44},"end":{"line":4,"column":66}}]},"1":{"loc":{"start":{"line":5,"column":2},"end":{"line":5,"column":80}},"type":"cond-expr","locations":[{"start":{"line":5,"column":7},"end":{"line":5,"column":9}},{"start":{"line":5,"column":2},"end":{"line":5,"column":80}}]},"2":{"loc":{"start":{"line":5,"column":2},"end":{"line":5,"column":9}},"type":"binary-expr","locations":[{"start":{"line":5,"column":2},"end":{"line":5,"column":9}},{"start":{"line":5,"column":2},"end":{"line":5,"column":9}}]}},"s":{"0":4,"1":4,"2":2,"3":16,"4":64,"5":4},"f":{"0":2,"1":16,"2":64},"b":{"0":[1],"1":[0,16],"2":[16,16]}}
,"/workspaces/monadojs/src/mappers/minus/minus.ts": {"path":"/workspaces/monadojs/src/mappers/minus/minus.ts","statementMap":{"0":{"start":{"line":1,"column":21},"end":{"line":1,"column":91}},"1":{"start":{"line":1,"column":45},"end":{"line":1,"column":91}},"2":{"start":{"line":1,"column":77},"end":{"line":1,"column":91}},"3":{"start":{"line":1,"column":13},"end":{"line":1,"column":21}}},"fnMap":{"0":{"name":"(anonymous_0)","decl":{"start":{"line":1,"column":21},"end":{"line":1,"column":22}},"loc":{"start":{"line":1,"column":45},"end":{"line":1,"column":91}}},"1":{"name":"(anonymous_1)","decl":{"start":{"line":1,"column":45},"end":{"line":1,"column":64}},"loc":{"start":{"line":1,"column":77},"end":{"line":1,"column":91}}}},"branchMap":{"0":{"loc":{"start":{"line":1,"column":22},"end":{"line":1,"column":40}},"type":"default-arg","locations":[{"start":{"line":1,"column":39},"end":{"line":1,"column":40}}]}},"s":{"0":4,"1":4,"2":6,"3":4},"f":{"0":4,"1":6},"b":{"0":[2]}}
,"/workspaces/monadojs/src/mappers/modulo/modulo.ts": {"path":"/workspaces/monadojs/src/mappers/modulo/modulo.ts","statementMap":{"0":{"start":{"line":1,"column":22},"end":{"line":1,"column":92}},"1":{"start":{"line":1,"column":46},"end":{"line":1,"column":92}},"2":{"start":{"line":1,"column":78},"end":{"line":1,"column":92}},"3":{"start":{"line":1,"column":13},"end":{"line":1,"column":22}}},"fnMap":{"0":{"name":"(anonymous_0)","decl":{"start":{"line":1,"column":22},"end":{"line":1,"column":23}},"loc":{"start":{"line":1,"column":46},"end":{"line":1,"column":92}}},"1":{"name":"(anonymous_1)","decl":{"start":{"line":1,"column":46},"end":{"line":1,"column":65}},"loc":{"start":{"line":1,"column":78},"end":{"line":1,"column":92}}}},"branchMap":{"0":{"loc":{"start":{"line":1,"column":23},"end":{"line":1,"column":41}},"type":"default-arg","locations":[{"start":{"line":1,"column":40},"end":{"line":1,"column":41}}]}},"s":{"0":2,"1":7,"2":25,"3":2},"f":{"0":7,"1":25},"b":{"0":[2]}}
,"/workspaces/monadojs/src/mappers/plus/plus.ts": {"path":"/workspaces/monadojs/src/mappers/plus/plus.ts","statementMap":{"0":{"start":{"line":1,"column":20},"end":{"line":1,"column":90}},"1":{"start":{"line":1,"column":44},"end":{"line":1,"column":90}},"2":{"start":{"line":1,"column":76},"end":{"line":1,"column":90}},"3":{"start":{"line":1,"column":13},"end":{"line":1,"column":20}}},"fnMap":{"0":{"name":"(anonymous_0)","decl":{"start":{"line":1,"column":20},"end":{"line":1,"column":21}},"loc":{"start":{"line":1,"column":44},"end":{"line":1,"column":90}}},"1":{"name":"(anonymous_1)","decl":{"start":{"line":1,"column":44},"end":{"line":1,"column":63}},"loc":{"start":{"line":1,"column":76},"end":{"line":1,"column":90}}}},"branchMap":{"0":{"loc":{"start":{"line":1,"column":21},"end":{"line":1,"column":39}},"type":"default-arg","locations":[{"start":{"line":1,"column":38},"end":{"line":1,"column":39}}]}},"s":{"0":5,"1":7,"2":8,"3":5},"f":{"0":7,"1":8},"b":{"0":[1]}}
,"/workspaces/monadojs/src/mappers/pow/pow.ts": {"path":"/workspaces/monadojs/src/mappers/pow/pow.ts","statementMap":{"0":{"start":{"line":1,"column":19},"end":{"line":2,"column":24}},"1":{"start":{"line":1,"column":38},"end":{"line":2,"column":24}},"2":{"start":{"line":2,"column":2},"end":{"line":2,"column":24}},"3":{"start":{"line":1,"column":13},"end":{"line":1,"column":19}}},"fnMap":{"0":{"name":"(anonymous_0)","decl":{"start":{"line":1,"column":19},"end":{"line":1,"column":20}},"loc":{"start":{"line":1,"column":38},"end":{"line":2,"column":24}}},"1":{"name":"(anonymous_1)","decl":{"start":{"line":1,"column":38},"end":{"line":1,"column":57}},"loc":{"start":{"line":2,"column":2},"end":{"line":2,"column":24}}}},"branchMap":{},"s":{"0":4,"1":2,"2":6,"3":4},"f":{"0":2,"1":6},"b":{}}
,"/workspaces/monadojs/src/mappers/prop/prop.ts": {"path":"/workspaces/monadojs/src/mappers/prop/prop.ts","statementMap":{"0":{"start":{"line":2,"column":2},"end":{"line":4,"column":19}},"1":{"start":{"line":3,"column":2},"end":{"line":4,"column":19}},"2":{"start":{"line":4,"column":4},"end":{"line":4,"column":19}},"3":{"start":{"line":1,"column":13},"end":{"line":1,"column":null}}},"fnMap":{"0":{"name":"(anonymous_0)","decl":{"start":{"line":2,"column":2},"end":{"line":2,"column":25}},"loc":{"start":{"line":3,"column":2},"end":{"line":4,"column":19}}},"1":{"name":"(anonymous_1)","decl":{"start":{"line":3,"column":2},"end":{"line":3,"column":3}},"loc":{"start":{"line":4,"column":4},"end":{"line":4,"column":19}}}},"branchMap":{},"s":{"0":4,"1":4,"2":17,"3":4},"f":{"0":4,"1":17},"b":{}}
,"/workspaces/monadojs/src/mappers/range/range.ts": {"path":"/workspaces/monadojs/src/mappers/range/range.ts","statementMap":{"0":{"start":{"line":1,"column":21},"end":{"line":2,"column":66}},"1":{"start":{"line":1,"column":87},"end":{"line":2,"column":66}},"2":{"start":{"line":2,"column":2},"end":{"line":2,"column":66}},"3":{"start":{"line":1,"column":13},"end":{"line":1,"column":21}}},"fnMap":{"0":{"name":"(anonymous_0)","decl":{"start":{"line":1,"column":21},"end":{"line":1,"column":22}},"loc":{"start":{"line":1,"column":87},"end":{"line":2,"column":66}}},"1":{"name":"(anonymous_1)","decl":{"start":{"line":1,"column":87},"end":{"line":1,"column":106}},"loc":{"start":{"line":2,"column":2},"end":{"line":2,"column":66}}}},"branchMap":{},"s":{"0":1,"1":1,"2":1,"3":1},"f":{"0":1,"1":1},"b":{}}
,"/workspaces/monadojs/src/mappers/replace/replace.ts": {"path":"/workspaces/monadojs/src/mappers/replace/replace.ts","statementMap":{"0":{"start":{"line":1,"column":23},"end":{"line":2,"column":37}},"1":{"start":{"line":1,"column":73},"end":{"line":2,"column":37}},"2":{"start":{"line":2,"column":2},"end":{"line":2,"column":37}},"3":{"start":{"line":1,"column":13},"end":{"line":1,"column":23}}},"fnMap":{"0":{"name":"(anonymous_0)","decl":{"start":{"line":1,"column":23},"end":{"line":1,"column":24}},"loc":{"start":{"line":1,"column":73},"end":{"line":2,"column":37}}},"1":{"name":"(anonymous_1)","decl":{"start":{"line":1,"column":73},"end":{"line":1,"column":92}},"loc":{"start":{"line":2,"column":2},"end":{"line":2,"column":37}}}},"branchMap":{},"s":{"0":4,"1":6,"2":7,"3":4},"f":{"0":6,"1":7},"b":{}}
,"/workspaces/monadojs/src/mappers/round/round.ts": {"path":"/workspaces/monadojs/src/mappers/round/round.ts","statementMap":{"0":{"start":{"line":1,"column":21},"end":{"line":2,"column":77}},"1":{"start":{"line":1,"column":51},"end":{"line":2,"column":77}},"2":{"start":{"line":2,"column":2},"end":{"line":2,"column":77}},"3":{"start":{"line":1,"column":13},"end":{"line":1,"column":21}}},"fnMap":{"0":{"name":"(anonymous_0)","decl":{"start":{"line":1,"column":21},"end":{"line":1,"column":22}},"loc":{"start":{"line":1,"column":51},"end":{"line":2,"column":77}}},"1":{"name":"(anonymous_1)","decl":{"start":{"line":1,"column":51},"end":{"line":1,"column":70}},"loc":{"start":{"line":2,"column":2},"end":{"line":2,"column":77}}}},"branchMap":{"0":{"loc":{"start":{"line":1,"column":22},"end":{"line":1,"column":46}},"type":"default-arg","locations":[{"start":{"line":1,"column":45},"end":{"line":1,"column":46}}]}},"s":{"0":4,"1":3,"2":13,"3":4},"f":{"0":3,"1":13},"b":{"0":[2]}}
,"/workspaces/monadojs/src/mappers/substring/substring.ts": {"path":"/workspaces/monadojs/src/mappers/substring/substring.ts","statementMap":{"0":{"start":{"line":1,"column":25},"end":{"line":2,"column":76}},"1":{"start":{"line":1,"column":61},"end":{"line":2,"column":76}},"2":{"start":{"line":2,"column":2},"end":{"line":2,"column":76}},"3":{"start":{"line":1,"column":13},"end":{"line":1,"column":25}}},"fnMap":{"0":{"name":"(anonymous_0)","decl":{"start":{"line":1,"column":25},"end":{"line":1,"column":26}},"loc":{"start":{"line":1,"column":61},"end":{"line":2,"column":76}}},"1":{"name":"(anonymous_1)","decl":{"start":{"line":1,"column":61},"end":{"line":1,"column":80}},"loc":{"start":{"line":2,"column":2},"end":{"line":2,"column":76}}}},"branchMap":{"0":{"loc":{"start":{"line":2,"column":26},"end":{"line":2,"column":75}},"type":"cond-expr","locations":[{"start":{"line":2,"column":49},"end":{"line":2,"column":63}},{"start":{"line":2,"column":66},"end":{"line":2,"column":75}}]}},"s":{"0":4,"1":6,"2":6,"3":4},"f":{"0":6,"1":6},"b":{"0":[2,4]}}
,"/workspaces/monadojs/src/mappers/times/times.ts": {"path":"/workspaces/monadojs/src/mappers/times/times.ts","statementMap":{"0":{"start":{"line":1,"column":21},"end":{"line":1,"column":87}},"1":{"start":{"line":1,"column":41},"end":{"line":1,"column":87}},"2":{"start":{"line":1,"column":73},"end":{"line":1,"column":87}},"3":{"start":{"line":1,"column":13},"end":{"line":1,"column":21}}},"fnMap":{"0":{"name":"(anonymous_0)","decl":{"start":{"line":1,"column":21},"end":{"line":1,"column":22}},"loc":{"start":{"line":1,"column":41},"end":{"line":1,"column":87}}},"1":{"name":"(anonymous_1)","decl":{"start":{"line":1,"column":41},"end":{"line":1,"column":60}},"loc":{"start":{"line":1,"column":73},"end":{"line":1,"column":87}}}},"branchMap":{},"s":{"0":4,"1":5,"2":6,"3":4},"f":{"0":5,"1":6},"b":{}}
,"/workspaces/monadojs/src/mappers/upper/upper.ts": {"path":"/workspaces/monadojs/src/mappers/upper/upper.ts","statementMap":{"0":{"start":{"line":1,"column":21},"end":{"line":1,"column":78}},"1":{"start":{"line":1,"column":27},"end":{"line":1,"column":78}},"2":{"start":{"line":1,"column":59},"end":{"line":1,"column":78}},"3":{"start":{"line":1,"column":13},"end":{"line":1,"column":21}}},"fnMap":{"0":{"name":"(anonymous_0)","decl":{"start":{"line":1,"column":21},"end":{"line":1,"column":24}},"loc":{"start":{"line":1,"column":27},"end":{"line":1,"column":78}}},"1":{"name":"(anonymous_1)","decl":{"start":{"line":1,"column":27},"end":{"line":1,"column":46}},"loc":{"start":{"line":1,"column":59},"end":{"line":1,"column":78}}}},"branchMap":{},"s":{"0":6,"1":8,"2":9,"3":6},"f":{"0":8,"1":9},"b":{}}
,"/workspaces/monadojs/src/operators/index.ts": {"path":"/workspaces/monadojs/src/operators/index.ts","statementMap":{"0":{"start":{"line":1,"column":0},"end":{"line":1,"column":40}},"1":{"start":{"line":2,"column":0},"end":{"line":2,"column":34}},"2":{"start":{"line":3,"column":0},"end":{"line":3,"column":32}},"3":{"start":{"line":4,"column":0},"end":{"line":4,"column":40}},"4":{"start":{"line":5,"column":0},"end":{"line":5,"column":34}},"5":{"start":{"line":6,"column":0},"end":{"line":6,"column":30}},"6":{"start":{"line":7,"column":0},"end":{"line":7,"column":32}},"7":{"start":{"line":8,"column":0},"end":{"line":8,"column":40}},"8":{"start":{"line":9,"column":0},"end":{"line":9,"column":28}},"9":{"start":{"line":10,"column":0},"end":{"line":10,"column":36}},"10":{"start":{"line":11,"column":0},"end":{"line":11,"column":26}},"11":{"start":{"line":12,"column":0},"end":{"line":12,"column":36}},"12":{"start":{"line":13,"column":0},"end":{"line":13,"column":28}},"13":{"start":{"line":14,"column":0},"end":{"line":14,"column":32}},"14":{"start":{"line":15,"column":0},"end":{"line":15,"column":26}},"15":{"start":{"line":16,"column":0},"end":{"line":16,"column":30}},"16":{"start":{"line":17,"column":0},"end":{"line":17,"column":28}},"17":{"start":{"line":18,"column":0},"end":{"line":18,"column":26}},"18":{"start":{"line":19,"column":0},"end":{"line":19,"column":28}},"19":{"start":{"line":20,"column":0},"end":{"line":20,"column":32}},"20":{"start":{"line":21,"column":0},"end":{"line":21,"column":34}},"21":{"start":{"line":22,"column":0},"end":{"line":22,"column":34}},"22":{"start":{"line":23,"column":0},"end":{"line":23,"column":28}},"23":{"start":{"line":24,"column":0},"end":{"line":24,"column":28}},"24":{"start":{"line":25,"column":0},"end":{"line":25,"column":26}},"25":{"start":{"line":26,"column":0},"end":{"line":26,"column":32}},"26":{"start":{"line":27,"column":0},"end":{"line":27,"column":28}}},"fnMap":{},"branchMap":{},"s":{"0":11,"1":11,"2":11,"3":11,"4":11,"5":11,"6":11,"7":11,"8":11,"9":11,"10":11,"11":11,"12":11,"13":11,"14":11,"15":11,"16":11,"17":11,"18":11,"19":11,"20":11,"21":11,"22":11,"23":11,"24":11,"25":11,"26":11},"f":{},"b":{}}
,"/workspaces/monadojs/src/operators/filter/filter.ts": {"path":"/workspaces/monadojs/src/operators/filter/filter.ts","statementMap":{"0":{"start":{"line":2,"column":0},"end":{"line":2,"column":38}},"1":{"start":{"line":4,"column":22},"end":{"line":4,"column":144}},"2":{"start":{"line":4,"column":45},"end":{"line":4,"column":144}},"3":{"start":{"line":4,"column":64},"end":{"line":4,"column":138}},"4":{"start":{"line":4,"column":13},"end":{"line":4,"column":22}}},"fnMap":{"0":{"name":"(anonymous_0)","decl":{"start":{"line":4,"column":22},"end":{"line":4,"column":23}},"loc":{"start":{"line":4,"column":45},"end":{"line":4,"column":144}}},"1":{"name":"(anonymous_1)","decl":{"start":{"line":4,"column":45},"end":{"line":4,"column":49}},"loc":{"start":{"line":4,"column":64},"end":{"line":4,"column":138}}}},"branchMap":{"0":{"loc":{"start":{"line":4,"column":64},"end":{"line":4,"column":138}},"type":"cond-expr","locations":[{"start":{"line":4,"column":85},"end":{"line":4,"column":109}},{"start":{"line":4,"column":112},"end":{"line":4,"column":138}}]}},"s":{"0":12,"1":12,"2":2,"3":2,"4":12},"f":{"0":2,"1":2},"b":{"0":[1,1]}}
,"/workspaces/monadojs/src/operators/find/find.ts": {"path":"/workspaces/monadojs/src/operators/find/find.ts","statementMap":{"0":{"start":{"line":2,"column":0},"end":{"line":2,"column":38}},"1":{"start":{"line":4,"column":20},"end":{"line":4,"column":124}},"2":{"start":{"line":4,"column":43},"end":{"line":4,"column":124}},"3":{"start":{"line":4,"column":61},"end":{"line":4,"column":124}},"4":{"start":{"line":4,"column":13},"end":{"line":4,"column":20}}},"fnMap":{"0":{"name":"(anonymous_0)","decl":{"start":{"line":4,"column":20},"end":{"line":4,"column":21}},"loc":{"start":{"line":4,"column":43},"end":{"line":4,"column":124}}},"1":{"name":"(anonymous_1)","decl":{"start":{"line":4,"column":43},"end":{"line":4,"column":47}},"loc":{"start":{"line":4,"column":61},"end":{"line":4,"column":124}}}},"branchMap":{"0":{"loc":{"start":{"line":4,"column":61},"end":{"line":4,"column":124}},"type":"cond-expr","locations":[{"start":{"line":4,"column":82},"end":{"line":4,"column":104}},{"start":{"line":4,"column":107},"end":{"line":4,"column":124}}]}},"s":{"0":11,"1":11,"2":3,"3":3,"4":11},"f":{"0":3,"1":3},"b":{"0":[1,2]}}
,"/workspaces/monadojs/src/operators/find-index/find-index.ts": {"path":"/workspaces/monadojs/src/operators/find-index/find-index.ts","statementMap":{"0":{"start":{"line":2,"column":0},"end":{"line":2,"column":38}},"1":{"start":{"line":4,"column":25},"end":{"line":4,"column":146}},"2":{"start":{"line":4,"column":54},"end":{"line":4,"column":146}},"3":{"start":{"line":4,"column":69},"end":{"line":4,"column":146}},"4":{"start":{"line":4,"column":13},"end":{"line":4,"column":25}}},"fnMap":{"0":{"name":"(anonymous_0)","decl":{"start":{"line":4,"column":25},"end":{"line":4,"column":29}},"loc":{"start":{"line":4,"column":54},"end":{"line":4,"column":146}}},"1":{"name":"(anonymous_1)","decl":{"start":{"line":4,"column":54},"end":{"line":4,"column":55}},"loc":{"start":{"line":4,"column":69},"end":{"line":4,"column":146}}}},"branchMap":{"0":{"loc":{"start":{"line":4,"column":69},"end":{"line":4,"column":146}},"type":"cond-expr","locations":[{"start":{"line":4,"column":90},"end":{"line":4,"column":117}},{"start":{"line":4,"column":120},"end":{"line":4,"column":146}}]},"1":{"loc":{"start":{"line":4,"column":120},"end":{"line":4,"column":146}},"type":"cond-expr","locations":[{"start":{"line":4,"column":140},"end":{"line":4,"column":141}},{"start":{"line":4,"column":144},"end":{"line":4,"column":146}}]}},"s":{"0":11,"1":11,"2":3,"3":3,"4":11},"f":{"0":3,"1":3},"b":{"0":[1,2],"1":[1,1]}}
,"/workspaces/monadojs/src/operators/identity/identity.ts": {"path":"/workspaces/monadojs/src/operators/identity/identity.ts","statementMap":{"0":{"start":{"line":1,"column":24},"end":{"line":1,"column":52}},"1":{"start":{"line":1,"column":30},"end":{"line":1,"column":52}},"2":{"start":{"line":1,"column":47},"end":{"line":1,"column":52}},"3":{"start":{"line":1,"column":13},"end":{"line":1,"column":24}}},"fnMap":{"0":{"name":"(anonymous_0)","decl":{"start":{"line":1,"column":24},"end":{"line":1,"column":27}},"loc":{"start":{"line":1,"column":30},"end":{"line":1,"column":52}}},"1":{"name":"(anonymous_1)","decl":{"start":{"line":1,"column":30},"end":{"line":1,"column":34}},"loc":{"start":{"line":1,"column":47},"end":{"line":1,"column":52}}}},"branchMap":{},"s":{"0":13,"1":17,"2":173,"3":13},"f":{"0":17,"1":173},"b":{}}
,"/workspaces/monadojs/src/operators/iif/iif.ts": {"path":"/workspaces/monadojs/src/operators/iif/iif.ts","statementMap":{"0":{"start":{"line":2,"column":0},"end":{"line":2,"column":41}},"1":{"start":{"line":5,"column":2},"end":{"line":7,"column":155}},"2":{"start":{"line":6,"column":2},"end":{"line":7,"column":155}},"3":{"start":{"line":7,"column":4},"end":{"line":7,"column":155}},"4":{"start":{"line":4,"column":13},"end":{"line":4,"column":null}}},"fnMap":{"0":{"name":"(anonymous_0)","decl":{"start":{"line":5,"column":2},"end":{"line":5,"column":3}},"loc":{"start":{"line":6,"column":2},"end":{"line":7,"column":155}}},"1":{"name":"(anonymous_1)","decl":{"start":{"line":6,"column":2},"end":{"line":6,"column":6}},"loc":{"start":{"line":7,"column":4},"end":{"line":7,"column":155}}}},"branchMap":{"0":{"loc":{"start":{"line":7,"column":4},"end":{"line":7,"column":155}},"type":"cond-expr","locations":[{"start":{"line":7,"column":24},"end":{"line":7,"column":86}},{"start":{"line":7,"column":90},"end":{"line":7,"column":155}}]},"1":{"loc":{"start":{"line":7,"column":24},"end":{"line":7,"column":86}},"type":"cond-expr","locations":[{"start":{"line":7,"column":51},"end":{"line":7,"column":71}},{"start":{"line":7,"column":74},"end":{"line":7,"column":86}}]},"2":{"loc":{"start":{"line":7,"column":90},"end":{"line":7,"column":155}},"type":"cond-expr","locations":[{"start":{"line":7,"column":118},"end":{"line":7,"column":139}},{"start":{"line":7,"column":142},"end":{"line":7,"column":155}}]}},"s":{"0":12,"1":12,"2":4,"3":4,"4":12},"f":{"0":4,"1":4},"b":{"0":[2,2],"1":[2,0],"2":[1,1]}}
,"/workspaces/monadojs/src/operators/index-of/index-of.ts": {"path":"/workspaces/monadojs/src/operators/index-of/index-of.ts","statementMap":{"0":{"start":{"line":1,"column":0},"end":{"line":1,"column":48}},"1":{"start":{"line":2,"column":0},"end":{"line":2,"column":36}},"2":{"start":{"line":4,"column":23},"end":{"line":7,"column":28}},"3":{"start":{"line":4,"column":39},"end":{"line":7,"column":28}},"4":{"start":{"line":5,"column":2},"end":{"line":7,"column":28}},"5":{"start":{"line":6,"column":53},"end":{"line":6,"column":74}},"6":{"start":{"line":4,"column":13},"end":{"line":4,"column":23}}},"fnMap":{"0":{"name":"(anonymous_0)","decl":{"start":{"line":4,"column":23},"end":{"line":4,"column":24}},"loc":{"start":{"line":4,"column":39},"end":{"line":7,"column":28}}},"1":{"name":"(anonymous_1)","decl":{"start":{"line":4,"column":39},"end":{"line":4,"column":43}},"loc":{"start":{"line":4,"column":56},"end":{"line":7,"column":28}}},"2":{"name":"(anonymous_2)","decl":{"start":{"line":6,"column":44},"end":{"line":6,"column":45}},"loc":{"start":{"line":6,"column":53},"end":{"line":6,"column":74}}}},"branchMap":{"0":{"loc":{"start":{"line":5,"column":2},"end":{"line":7,"column":27}},"type":"cond-expr","locations":[{"start":{"line":5,"column":23},"end":{"line":5,"column":44}},{"start":{"line":6,"column":2},"end":{"line":7,"column":27}}]},"1":{"loc":{"start":{"line":6,"column":2},"end":{"line":7,"column":27}},"type":"cond-expr","locations":[{"start":{"line":6,"column":24},"end":{"line":6,"column":81}},{"start":{"line":7,"column":2},"end":{"line":7,"column":27}}]},"2":{"loc":{"start":{"line":6,"column":24},"end":{"line":6,"column":81}},"type":"cond-expr","locations":[{"start":{"line":6,"column":75},"end":{"line":6,"column":79}},{"start":{"line":6,"column":79},"end":{"line":6,"column":81}}]},"3":{"loc":{"start":{"line":6,"column":24},"end":{"line":6,"column":79}},"type":"binary-expr","locations":[{"start":{"line":6,"column":24},"end":{"line":6,"column":79}},{"start":{"line":6,"column":75},"end":{"line":6,"column":79}}]},"4":{"loc":{"start":{"line":7,"column":2},"end":{"line":7,"column":27}},"type":"cond-expr","locations":[{"start":{"line":7,"column":21},"end":{"line":7,"column":22}},{"start":{"line":7,"column":25},"end":{"line":7,"column":27}}]}},"s":{"0":12,"1":12,"2":12,"3":4,"4":4,"5":4,"6":12},"f":{"0":4,"1":4,"2":4},"b":{"0":[2,2],"1":[2,0],"2":[1,1],"3":[2,2],"4":[0,0]}}
,"/workspaces/monadojs/src/operators/keys/keys.ts": {"path":"/workspaces/monadojs/src/operators/keys/keys.ts","statementMap":{"0":{"start":{"line":1,"column":0},"end":{"line":1,"column":48}},"1":{"start":{"line":8,"column":2},"end":{"line":8,"column":196}},"2":{"start":{"line":8,"column":27},"end":{"line":8,"column":195}},"3":{"start":{"line":7,"column":0},"end":{"line":7,"column":16}}},"fnMap":{"0":{"name":"keys","decl":{"start":{"line":7,"column":16},"end":{"line":7,"column":20}},"loc":{"start":{"line":7,"column":20},"end":{"line":9,"column":1}}},"1":{"name":"(anonymous_1)","decl":{"start":{"line":8,"column":9},"end":{"line":8,"column":13}},"loc":{"start":{"line":8,"column":27},"end":{"line":8,"column":195}}}},"branchMap":{"0":{"loc":{"start":{"line":8,"column":27},"end":{"line":8,"column":195}},"type":"cond-expr","locations":[{"start":{"line":8,"column":48},"end":{"line":8,"column":91}},{"start":{"line":8,"column":94},"end":{"line":8,"column":195}}]},"1":{"loc":{"start":{"line":8,"column":94},"end":{"line":8,"column":195}},"type":"cond-expr","locations":[{"start":{"line":8,"column":117},"end":{"line":8,"column":188}},{"start":{"line":8,"column":191},"end":{"line":8,"column":195}}]}},"s":{"0":13,"1":5,"2":5,"3":13},"f":{"0":5,"1":5},"b":{"0":[1,4],"1":[4,0]}}
,"/workspaces/monadojs/src/operators/length/length.ts": {"path":"/workspaces/monadojs/src/operators/length/length.ts","statementMap":{"0":{"start":{"line":1,"column":0},"end":{"line":1,"column":55}},"1":{"start":{"line":3,"column":22},"end":{"line":3,"column":155}},"2":{"start":{"line":3,"column":28},"end":{"line":3,"column":155}},"3":{"start":{"line":3,"column":46},"end":{"line":3,"column":155}},"4":{"start":{"line":3,"column":13},"end":{"line":3,"column":22}}},"fnMap":{"0":{"name":"(anonymous_0)","decl":{"start":{"line":3,"column":22},"end":{"line":3,"column":25}},"loc":{"start":{"line":3,"column":28},"end":{"line":3,"column":155}}},"1":{"name":"(anonymous_1)","decl":{"start":{"line":3,"column":28},"end":{"line":3,"column":32}},"loc":{"start":{"line":3,"column":46},"end":{"line":3,"column":155}}}},"branchMap":{"0":{"loc":{"start":{"line":3,"column":46},"end":{"line":3,"column":155}},"type":"cond-expr","locations":[{"start":{"line":3,"column":62},"end":{"line":3,"column":63}},{"start":{"line":3,"column":66},"end":{"line":3,"column":155}}]},"1":{"loc":{"start":{"line":3,"column":66},"end":{"line":3,"column":155}},"type":"cond-expr","locations":[{"start":{"line":3,"column":87},"end":{"line":3,"column":100}},{"start":{"line":3,"column":103},"end":{"line":3,"column":155}}]},"2":{"loc":{"start":{"line":3,"column":103},"end":{"line":3,"column":155}},"type":"cond-expr","locations":[{"start":{"line":3,"column":125},"end":{"line":3,"column":151}},{"start":{"line":3,"column":154},"end":{"line":3,"column":155}}]}},"s":{"0":12,"1":12,"2":2,"3":2,"4":12},"f":{"0":2,"1":2},"b":{"0":[0,2],"1":[1,1],"2":[1,0]}}
,"/workspaces/monadojs/src/operators/map/map.ts": {"path":"/workspaces/monadojs/src/operators/map/map.ts","statementMap":{"0":{"start":{"line":2,"column":0},"end":{"line":2,"column":48}},"1":{"start":{"line":4,"column":19},"end":{"line":7,"column":23}},"2":{"start":{"line":4,"column":53},"end":{"line":7,"column":23}},"3":{"start":{"line":5,"column":2},"end":{"line":7,"column":23}},"4":{"start":{"line":6,"column":82},"end":{"line":6,"column":134}},"5":{"start":{"line":4,"column":13},"end":{"line":4,"column":19}}},"fnMap":{"0":{"name":"(anonymous_0)","decl":{"start":{"line":4,"column":19},"end":{"line":4,"column":23}},"loc":{"start":{"line":4,"column":53},"end":{"line":7,"column":23}}},"1":{"name":"(anonymous_1)","decl":{"start":{"line":4,"column":53},"end":{"line":4,"column":57}},"loc":{"start":{"line":5,"column":2},"end":{"line":7,"column":23}}},"2":{"name":"(anonymous_2)","decl":{"start":{"line":6,"column":56},"end":{"line":6,"column":57}},"loc":{"start":{"line":6,"column":82},"end":{"line":6,"column":134}}}},"branchMap":{"0":{"loc":{"start":{"line":5,"column":2},"end":{"line":7,"column":23}},"type":"cond-expr","locations":[{"start":{"line":5,"column":23},"end":{"line":5,"column":44}},{"start":{"line":6,"column":4},"end":{"line":7,"column":23}}]},"1":{"loc":{"start":{"line":6,"column":4},"end":{"line":7,"column":23}},"type":"cond-expr","locations":[{"start":{"line":6,"column":26},"end":{"line":6,"column":144}},{"start":{"line":7,"column":6},"end":{"line":7,"column":23}}]}},"s":{"0":12,"1":12,"2":2,"3":2,"4":4,"5":12},"f":{"0":2,"1":2,"2":4},"b":{"0":[1,1],"1":[1,0]}}
,"/workspaces/monadojs/src/operators/reduce/reduce.ts": {"path":"/workspaces/monadojs/src/operators/reduce/reduce.ts","statementMap":{"0":{"start":{"line":2,"column":0},"end":{"line":2,"column":51}},"1":{"start":{"line":7,"column":2},"end":{"line":12,"column":53}},"2":{"start":{"line":7,"column":25},"end":{"line":12,"column":51}},"3":{"start":{"line":6,"column":0},"end":{"line":6,"column":16}}},"fnMap":{"0":{"name":"reduce","decl":{"start":{"line":6,"column":16},"end":{"line":6,"column":22}},"loc":{"start":{"line":6,"column":81},"end":{"line":13,"column":1}}},"1":{"name":"(anonymous_1)","decl":{"start":{"line":7,"column":9},"end":{"line":7,"column":10}},"loc":{"start":{"line":7,"column":25},"end":{"line":12,"column":51}}}},"branchMap":{"0":{"loc":{"start":{"line":7,"column":25},"end":{"line":12,"column":51}},"type":"cond-expr","locations":[{"start":{"line":8,"column":5},"end":{"line":11,"column":50}},{"start":{"line":12,"column":2},"end":{"line":12,"column":51}}]},"1":{"loc":{"start":{"line":8,"column":5},"end":{"line":11,"column":50}},"type":"cond-expr","locations":[{"start":{"line":9,"column":6},"end":{"line":9,"column":12}},{"start":{"line":9,"column":15},"end":{"line":11,"column":50}}]},"2":{"loc":{"start":{"line":9,"column":15},"end":{"line":11,"column":50}},"type":"cond-expr","locations":[{"start":{"line":10,"column":6},"end":{"line":10,"column":38}},{"start":{"line":11,"column":4},"end":{"line":11,"column":50}}]}},"s":{"0":12,"1":8,"2":8,"3":12},"f":{"0":8,"1":8},"b":{"0":[6,2],"1":[0,6],"2":[5,1]}}
,"/workspaces/monadojs/src/operators/reverse/reverse.ts": {"path":"/workspaces/monadojs/src/operators/reverse/reverse.ts","statementMap":{"0":{"start":{"line":1,"column":0},"end":{"line":1,"column":38}},"1":{"start":{"line":3,"column":23},"end":{"line":3,"column":98}},"2":{"start":{"line":3,"column":29},"end":{"line":3,"column":98}},"3":{"start":{"line":3,"column":47},"end":{"line":3,"column":98}},"4":{"start":{"line":3,"column":13},"end":{"line":3,"column":23}}},"fnMap":{"0":{"name":"(anonymous_0)","decl":{"start":{"line":3,"column":23},"end":{"line":3,"column":26}},"loc":{"start":{"line":3,"column":29},"end":{"line":3,"column":98}}},"1":{"name":"(anonymous_1)","decl":{"start":{"line":3,"column":29},"end":{"line":3,"column":33}},"loc":{"start":{"line":3,"column":47},"end":{"line":3,"column":98}}}},"branchMap":{"0":{"loc":{"start":{"line":3,"column":47},"end":{"line":3,"column":98}},"type":"cond-expr","locations":[{"start":{"line":3,"column":68},"end":{"line":3,"column":89}},{"start":{"line":3,"column":92},"end":{"line":3,"column":98}}]}},"s":{"0":12,"1":12,"2":2,"3":2,"4":12},"f":{"0":2,"1":2},"b":{"0":[1,1]}}
,"/workspaces/monadojs/src/operators/some/some.ts": {"path":"/workspaces/monadojs/src/operators/some/some.ts","statementMap":{"0":{"start":{"line":2,"column":0},"end":{"line":2,"column":38}},"1":{"start":{"line":4,"column":20},"end":{"line":4,"column":144}},"2":{"start":{"line":4,"column":63},"end":{"line":4,"column":144}},"3":{"start":{"line":4,"column":81},"end":{"line":4,"column":144}},"4":{"start":{"line":4,"column":13},"end":{"line":4,"column":20}}},"fnMap":{"0":{"name":"(anonymous_0)","decl":{"start":{"line":4,"column":20},"end":{"line":4,"column":21}},"loc":{"start":{"line":4,"column":63},"end":{"line":4,"column":144}}},"1":{"name":"(anonymous_1)","decl":{"start":{"line":4,"column":63},"end":{"line":4,"column":67}},"loc":{"start":{"line":4,"column":81},"end":{"line":4,"column":144}}}},"branchMap":{"0":{"loc":{"start":{"line":4,"column":81},"end":{"line":4,"column":144}},"type":"cond-expr","locations":[{"start":{"line":4,"column":102},"end":{"line":4,"column":124}},{"start":{"line":4,"column":127},"end":{"line":4,"column":144}}]}},"s":{"0":12,"1":12,"2":8,"3":8,"4":12},"f":{"0":8,"1":8},"b":{"0":[8,0]}}
,"/workspaces/monadojs/src/operators/sort/sort.ts": {"path":"/workspaces/monadojs/src/operators/sort/sort.ts","statementMap":{"0":{"start":{"line":2,"column":0},"end":{"line":2,"column":38}},"1":{"start":{"line":4,"column":20},"end":{"line":6,"column":8}},"2":{"start":{"line":4,"column":49},"end":{"line":6,"column":8}},"3":{"start":{"line":5,"column":2},"end":{"line":6,"column":8}},"4":{"start":{"line":5,"column":45},"end":{"line":5,"column":138}},"5":{"start":{"line":5,"column":86},"end":{"line":5,"column":133}},"6":{"start":{"line":4,"column":13},"end":{"line":4,"column":20}}},"fnMap":{"0":{"name":"(anonymous_0)","decl":{"start":{"line":4,"column":20},"end":{"line":4,"column":21}},"loc":{"start":{"line":4,"column":49},"end":{"line":6,"column":8}}},"1":{"name":"(anonymous_1)","decl":{"start":{"line":4,"column":49},"end":{"line":4,"column":53}},"loc":{"start":{"line":5,"column":2},"end":{"line":6,"column":8}}},"2":{"name":"(anonymous_2)","decl":{"start":{"line":5,"column":35},"end":{"line":5,"column":36}},"loc":{"start":{"line":5,"column":45},"end":{"line":5,"column":138}}},"3":{"name":"(anonymous_3)","decl":{"start":{"line":5,"column":63},"end":{"line":5,"column":64}},"loc":{"start":{"line":5,"column":86},"end":{"line":5,"column":133}}}},"branchMap":{"0":{"loc":{"start":{"line":5,"column":2},"end":{"line":6,"column":8}},"type":"cond-expr","locations":[{"start":{"line":5,"column":23},"end":{"line":5,"column":139}},{"start":{"line":6,"column":2},"end":{"line":6,"column":8}}]},"1":{"loc":{"start":{"line":5,"column":86},"end":{"line":5,"column":133}},"type":"cond-expr","locations":[{"start":{"line":5,"column":100},"end":{"line":5,"column":125}},{"start":{"line":5,"column":128},"end":{"line":5,"column":133}}]}},"s":{"0":12,"1":12,"2":3,"3":3,"4":8,"5":8,"6":12},"f":{"0":3,"1":3,"2":8,"3":8},"b":{"0":[2,1],"1":[8,0]}}
,"/workspaces/monadojs/src/operators/tap/tap.ts": {"path":"/workspaces/monadojs/src/operators/tap/tap.ts","statementMap":{"0":{"start":{"line":1,"column":19},"end":{"line":5,"column":3}},"1":{"start":{"line":2,"column":2},"end":{"line":5,"column":3}},"2":{"start":{"line":3,"column":4},"end":{"line":3,"column":15}},"3":{"start":{"line":4,"column":4},"end":{"line":4,"column":18}},"4":{"start":{"line":1,"column":13},"end":{"line":1,"column":19}}},"fnMap":{"0":{"name":"(anonymous_0)","decl":{"start":{"line":1,"column":19},"end":{"line":1,"column":20}},"loc":{"start":{"line":2,"column":2},"end":{"line":5,"column":3}}},"1":{"name":"(anonymous_1)","decl":{"start":{"line":2,"column":2},"end":{"line":2,"column":6}},"loc":{"start":{"line":2,"column":19},"end":{"line":5,"column":3}}}},"branchMap":{},"s":{"0":12,"1":1,"2":1,"3":1,"4":12},"f":{"0":1,"1":1},"b":{}}
,"/workspaces/monadojs/src/operators/values/values.ts": {"path":"/workspaces/monadojs/src/operators/values/values.ts","statementMap":{"0":{"start":{"line":1,"column":0},"end":{"line":1,"column":38}},"1":{"start":{"line":3,"column":22},"end":{"line":3,"column":126}},"2":{"start":{"line":3,"column":28},"end":{"line":3,"column":126}},"3":{"start":{"line":3,"column":61},"end":{"line":3,"column":126}},"4":{"start":{"line":3,"column":13},"end":{"line":3,"column":22}}},"fnMap":{"0":{"name":"(anonymous_0)","decl":{"start":{"line":3,"column":22},"end":{"line":3,"column":25}},"loc":{"start":{"line":3,"column":28},"end":{"line":3,"column":126}}},"1":{"name":"(anonymous_1)","decl":{"start":{"line":3,"column":28},"end":{"line":3,"column":47}},"loc":{"start":{"line":3,"column":61},"end":{"line":3,"column":126}}}},"branchMap":{"0":{"loc":{"start":{"line":3,"column":61},"end":{"line":3,"column":126}},"type":"cond-expr","locations":[{"start":{"line":3,"column":82},"end":{"line":3,"column":102}},{"start":{"line":3,"column":105},"end":{"line":3,"column":126}}]}},"s":{"0":13,"1":13,"2":11,"3":12,"4":13},"f":{"0":11,"1":12},"b":{"0":[5,7]}}
,"/workspaces/monadojs/src/operators/walk/walk.ts": {"path":"/workspaces/monadojs/src/operators/walk/walk.ts","statementMap":{"0":{"start":{"line":2,"column":0},"end":{"line":2,"column":61}},"1":{"start":{"line":3,"column":0},"end":{"line":3,"column":42}},"2":{"start":{"line":5,"column":17},"end":{"line":28,"column":1}},"3":{"start":{"line":6,"column":2},"end":{"line":6,"column":37}},"4":{"start":{"line":7,"column":2},"end":{"line":9,"column":null}},"5":{"start":{"line":8,"column":4},"end":{"line":8,"column":27}},"6":{"start":{"line":11,"column":2},"end":{"line":19,"column":null}},"7":{"start":{"line":12,"column":4},"end":{"line":18,"column":null}},"8":{"start":{"line":13,"column":6},"end":{"line":15,"column":null}},"9":{"start":{"line":14,"column":8},"end":{"line":14,"column":17}},"10":{"start":{"line":17,"column":6},"end":{"line":17,"column":81}},"11":{"start":{"line":21,"column":2},"end":{"line":25,"column":null}},"12":{"start":{"line":22,"column":4},"end":{"line":24,"column":null}},"13":{"start":{"line":23,"column":6},"end":{"line":23,"column":79}},"14":{"start":{"line":27,"column":2},"end":{"line":27,"column":15}},"15":{"start":{"line":30,"column":20},"end":{"line":30,"column":112}},"16":{"start":{"line":30,"column":73},"end":{"line":30,"column":112}},"17":{"start":{"line":30,"column":87},"end":{"line":30,"column":112}},"18":{"start":{"line":30,"column":13},"end":{"line":30,"column":20}}},"fnMap":{"0":{"name":"(anonymous_0)","decl":{"start":{"line":5,"column":17},"end":{"line":5,"column":36}},"loc":{"start":{"line":5,"column":140},"end":{"line":28,"column":1}}},"1":{"name":"(anonymous_1)","decl":{"start":{"line":30,"column":20},"end":{"line":30,"column":39}},"loc":{"start":{"line":30,"column":73},"end":{"line":30,"column":112}}},"2":{"name":"(anonymous_2)","decl":{"start":{"line":30,"column":73},"end":{"line":30,"column":74}},"loc":{"start":{"line":30,"column":87},"end":{"line":30,"column":112}}}},"branchMap":{"0":{"loc":{"start":{"line":5,"column":77},"end":{"line":5,"column":136}},"type":"default-arg","locations":[{"start":{"line":5,"column":114},"end":{"line":5,"column":136}}]},"1":{"loc":{"start":{"line":7,"column":2},"end":{"line":9,"column":null}},"type":"if","locations":[{"start":{"line":7,"column":2},"end":{"line":9,"column":null}}]},"2":{"loc":{"start":{"line":11,"column":2},"end":{"line":19,"column":null}},"type":"if","locations":[{"start":{"line":11,"column":2},"end":{"line":19,"column":null}}]},"3":{"loc":{"start":{"line":13,"column":6},"end":{"line":15,"column":null}},"type":"if","locations":[{"start":{"line":13,"column":6},"end":{"line":15,"column":null}}]},"4":{"loc":{"start":{"line":21,"column":2},"end":{"line":25,"column":null}},"type":"if","locations":[{"start":{"line":21,"column":2},"end":{"line":25,"column":null}}]}},"s":{"0":12,"1":12,"2":12,"3":10,"4":10,"5":5,"6":5,"7":5,"8":9,"9":1,"10":8,"11":5,"12":0,"13":0,"14":5,"15":12,"16":2,"17":2,"18":12},"f":{"0":10,"1":2,"2":2},"b":{"0":[2],"1":[5],"2":[5],"3":[1],"4":[0]}}
,"/workspaces/monadojs/src/reducers/avg/avg.ts": {"path":"/workspaces/monadojs/src/reducers/avg/avg.ts","statementMap":{"0":{"start":{"line":1,"column":0},"end":{"line":1,"column":53}},"1":{"start":{"line":2,"column":0},"end":{"line":2,"column":33}},"2":{"start":{"line":4,"column":19},"end":{"line":5,"column":124}},"3":{"start":{"line":4,"column":25},"end":{"line":5,"column":124}},"4":{"start":{"line":5,"column":2},"end":{"line":5,"column":124}},"5":{"start":{"line":5,"column":81},"end":{"line":5,"column":123}},"6":{"start":{"line":4,"column":13},"end":{"line":4,"column":19}}},"fnMap":{"0":{"name":"(anonymous_0)","decl":{"start":{"line":4,"column":19},"end":{"line":4,"column":22}},"loc":{"start":{"line":4,"column":25},"end":{"line":5,"column":124}}},"1":{"name":"(anonymous_1)","decl":{"start":{"line":4,"column":25},"end":{"line":4,"column":44}},"loc":{"start":{"line":5,"column":2},"end":{"line":5,"column":124}}},"2":{"name":"(anonymous_2)","decl":{"start":{"line":5,"column":75},"end":{"line":5,"column":78}},"loc":{"start":{"line":5,"column":81},"end":{"line":5,"column":123}}}},"branchMap":{},"s":{"0":1,"1":1,"2":1,"3":1,"4":4,"5":1,"6":1},"f":{"0":1,"1":4,"2":1},"b":{}}
,"/workspaces/monadojs/src/reducers/chunk/chunk.ts": {"path":"/workspaces/monadojs/src/reducers/chunk/chunk.ts","statementMap":{"0":{"start":{"line":1,"column":0},"end":{"line":1,"column":53}},"1":{"start":{"line":3,"column":21},"end":{"line":11,"column":4}},"2":{"start":{"line":3,"column":45},"end":{"line":11,"column":4}},"3":{"start":{"line":4,"column":2},"end":{"line":11,"column":4}},"4":{"start":{"line":5,"column":26},"end":{"line":5,"column":28}},"5":{"start":{"line":6,"column":4},"end":{"line":8,"column":null}},"6":{"start":{"line":6,"column":17},"end":{"line":6,"column":18}},"7":{"start":{"line":7,"column":6},"end":{"line":7,"column":64}},"8":{"start":{"line":10,"column":4},"end":{"line":10,"column":18}},"9":{"start":{"line":3,"column":13},"end":{"line":3,"column":21}}},"fnMap":{"0":{"name":"(anonymous_0)","decl":{"start":{"line":3,"column":21},"end":{"line":3,"column":22}},"loc":{"start":{"line":3,"column":45},"end":{"line":11,"column":4}}},"1":{"name":"(anonymous_1)","decl":{"start":{"line":3,"column":45},"end":{"line":3,"column":49}},"loc":{"start":{"line":4,"column":2},"end":{"line":11,"column":4}}},"2":{"name":"(anonymous_2)","decl":{"start":{"line":4,"column":75},"end":{"line":4,"column":78}},"loc":{"start":{"line":4,"column":80},"end":{"line":11,"column":3}}}},"branchMap":{"0":{"loc":{"start":{"line":3,"column":22},"end":{"line":3,"column":40}},"type":"default-arg","locations":[{"start":{"line":3,"column":39},"end":{"line":3,"column":40}}]}},"s":{"0":1,"1":1,"2":7,"3":51,"4":6,"5":6,"6":6,"7":23,"8":6,"9":1},"f":{"0":7,"1":51,"2":6},"b":{"0":[3]}}
,"/workspaces/monadojs/src/reducers/first/first.ts": {"path":"/workspaces/monadojs/src/reducers/first/first.ts","statementMap":{"0":{"start":{"line":1,"column":0},"end":{"line":1,"column":53}},"1":{"start":{"line":3,"column":21},"end":{"line":4,"column":99}},"2":{"start":{"line":3,"column":27},"end":{"line":4,"column":99}},"3":{"start":{"line":4,"column":2},"end":{"line":4,"column":99}},"4":{"start":{"line":4,"column":81},"end":{"line":4,"column":98}},"5":{"start":{"line":3,"column":13},"end":{"line":3,"column":21}}},"fnMap":{"0":{"name":"(anonymous_0)","decl":{"start":{"line":3,"column":21},"end":{"line":3,"column":24}},"loc":{"start":{"line":3,"column":27},"end":{"line":4,"column":99}}},"1":{"name":"(anonymous_1)","decl":{"start":{"line":3,"column":27},"end":{"line":3,"column":31}},"loc":{"start":{"line":4,"column":2},"end":{"line":4,"column":99}}},"2":{"name":"(anonymous_2)","decl":{"start":{"line":4,"column":75},"end":{"line":4,"column":78}},"loc":{"start":{"line":4,"column":81},"end":{"line":4,"column":98}}}},"branchMap":{},"s":{"0":1,"1":1,"2":3,"3":6,"4":3,"5":1},"f":{"0":3,"1":6,"2":3},"b":{}}
,"/workspaces/monadojs/src/reducers/flatten/flatten.ts": {"path":"/workspaces/monadojs/src/reducers/flatten/flatten.ts","statementMap":{"0":{"start":{"line":1,"column":0},"end":{"line":1,"column":53}},"1":{"start":{"line":3,"column":23},"end":{"line":4,"column":99}},"2":{"start":{"line":3,"column":46},"end":{"line":4,"column":99}},"3":{"start":{"line":4,"column":2},"end":{"line":4,"column":99}},"4":{"start":{"line":4,"column":81},"end":{"line":4,"column":98}},"5":{"start":{"line":3,"column":13},"end":{"line":3,"column":23}}},"fnMap":{"0":{"name":"(anonymous_0)","decl":{"start":{"line":3,"column":23},"end":{"line":3,"column":24}},"loc":{"start":{"line":3,"column":46},"end":{"line":4,"column":99}}},"1":{"name":"(anonymous_1)","decl":{"start":{"line":3,"column":46},"end":{"line":3,"column":50}},"loc":{"start":{"line":4,"column":2},"end":{"line":4,"column":99}}},"2":{"name":"(anonymous_2)","decl":{"start":{"line":4,"column":75},"end":{"line":4,"column":78}},"loc":{"start":{"line":4,"column":81},"end":{"line":4,"column":98}}}},"branchMap":{"0":{"loc":{"start":{"line":3,"column":24},"end":{"line":3,"column":41}},"type":"default-arg","locations":[{"start":{"line":3,"column":40},"end":{"line":3,"column":41}}]}},"s":{"0":1,"1":1,"2":2,"3":4,"4":2,"5":1},"f":{"0":2,"1":4,"2":2},"b":{"0":[1]}}
,"/workspaces/monadojs/src/reducers/head/head.ts": {"path":"/workspaces/monadojs/src/reducers/head/head.ts","statementMap":{"0":{"start":{"line":1,"column":0},"end":{"line":1,"column":39}},"1":{"start":{"line":3,"column":20},"end":{"line":3,"column":60}},"2":{"start":{"line":3,"column":44},"end":{"line":3,"column":60}},"3":{"start":{"line":3,"column":13},"end":{"line":3,"column":20}}},"fnMap":{"0":{"name":"(anonymous_0)","decl":{"start":{"line":3,"column":20},"end":{"line":3,"column":21}},"loc":{"start":{"line":3,"column":44},"end":{"line":3,"column":60}}}},"branchMap":{"0":{"loc":{"start":{"line":3,"column":21},"end":{"line":3,"column":39}},"type":"default-arg","locations":[{"start":{"line":3,"column":38},"end":{"line":3,"column":39}}]}},"s":{"0":1,"1":1,"2":6,"3":1},"f":{"0":6},"b":{"0":[3]}}
,"/workspaces/monadojs/src/reducers/join/join.ts": {"path":"/workspaces/monadojs/src/reducers/join/join.ts","statementMap":{"0":{"start":{"line":1,"column":0},"end":{"line":1,"column":53}},"1":{"start":{"line":3,"column":20},"end":{"line":4,"column":103}},"2":{"start":{"line":3,"column":49},"end":{"line":4,"column":103}},"3":{"start":{"line":4,"column":2},"end":{"line":4,"column":103}},"4":{"start":{"line":4,"column":81},"end":{"line":4,"column":102}},"5":{"start":{"line":3,"column":13},"end":{"line":3,"column":20}}},"fnMap":{"0":{"name":"(anonymous_0)","decl":{"start":{"line":3,"column":20},"end":{"line":3,"column":21}},"loc":{"start":{"line":3,"column":49},"end":{"line":4,"column":103}}},"1":{"name":"(anonymous_1)","decl":{"start":{"line":3,"column":49},"end":{"line":3,"column":53}},"loc":{"start":{"line":4,"column":2},"end":{"line":4,"column":103}}},"2":{"name":"(anonymous_2)","decl":{"start":{"line":4,"column":75},"end":{"line":4,"column":78}},"loc":{"start":{"line":4,"column":81},"end":{"line":4,"column":102}}}},"branchMap":{"0":{"loc":{"start":{"line":3,"column":21},"end":{"line":3,"column":44}},"type":"default-arg","locations":[{"start":{"line":3,"column":41},"end":{"line":3,"column":44}}]}},"s":{"0":1,"1":1,"2":1,"3":2,"4":1,"5":1},"f":{"0":1,"1":2,"2":1},"b":{"0":[1]}}
,"/workspaces/monadojs/src/reducers/last/last.ts": {"path":"/workspaces/monadojs/src/reducers/last/last.ts","statementMap":{"0":{"start":{"line":1,"column":0},"end":{"line":1,"column":53}},"1":{"start":{"line":3,"column":20},"end":{"line":4,"column":100}},"2":{"start":{"line":3,"column":26},"end":{"line":4,"column":100}},"3":{"start":{"line":4,"column":2},"end":{"line":4,"column":100}},"4":{"start":{"line":4,"column":81},"end":{"line":4,"column":99}},"5":{"start":{"line":3,"column":13},"end":{"line":3,"column":20}}},"fnMap":{"0":{"name":"(anonymous_0)","decl":{"start":{"line":3,"column":20},"end":{"line":3,"column":23}},"loc":{"start":{"line":3,"column":26},"end":{"line":4,"column":100}}},"1":{"name":"(anonymous_1)","decl":{"start":{"line":3,"column":26},"end":{"line":3,"column":30}},"loc":{"start":{"line":4,"column":2},"end":{"line":4,"column":100}}},"2":{"name":"(anonymous_2)","decl":{"start":{"line":4,"column":75},"end":{"line":4,"column":78}},"loc":{"start":{"line":4,"column":81},"end":{"line":4,"column":99}}}},"branchMap":{},"s":{"0":1,"1":1,"2":3,"3":6,"4":3,"5":1},"f":{"0":3,"1":6,"2":3},"b":{}}
,"/workspaces/monadojs/src/reducers/max/max.ts": {"path":"/workspaces/monadojs/src/reducers/max/max.ts","statementMap":{"0":{"start":{"line":3,"column":16},"end":{"line":3,"column":75}},"1":{"start":{"line":3,"column":62},"end":{"line":3,"column":75}},"2":{"start":{"line":6,"column":2},"end":{"line":8,"column":38}},"3":{"start":{"line":7,"column":2},"end":{"line":8,"column":38}},"4":{"start":{"line":8,"column":4},"end":{"line":8,"column":38}},"5":{"start":{"line":5,"column":13},"end":{"line":5,"column":null}}},"fnMap":{"0":{"name":"(anonymous_0)","decl":{"start":{"line":3,"column":16},"end":{"line":3,"column":44}},"loc":{"start":{"line":3,"column":62},"end":{"line":3,"column":75}}},"1":{"name":"(anonymous_1)","decl":{"start":{"line":6,"column":2},"end":{"line":6,"column":30}},"loc":{"start":{"line":7,"column":2},"end":{"line":8,"column":38}}},"2":{"name":"(anonymous_2)","decl":{"start":{"line":7,"column":2},"end":{"line":7,"column":3}},"loc":{"start":{"line":8,"column":4},"end":{"line":8,"column":38}}}},"branchMap":{"0":{"loc":{"start":{"line":3,"column":62},"end":{"line":3,"column":75}},"type":"cond-expr","locations":[{"start":{"line":3,"column":70},"end":{"line":3,"column":71}},{"start":{"line":3,"column":74},"end":{"line":3,"column":75}}]},"1":{"loc":{"start":{"line":6,"column":30},"end":{"line":6,"column":64}},"type":"default-arg","locations":[{"start":{"line":6,"column":57},"end":{"line":6,"column":64}}]}},"s":{"0":1,"1":8,"2":1,"3":4,"4":8,"5":1},"f":{"0":8,"1":4,"2":8},"b":{"0":[4,4],"1":[4]}}
,"/workspaces/monadojs/src/reducers/min/min.ts": {"path":"/workspaces/monadojs/src/reducers/min/min.ts","statementMap":{"0":{"start":{"line":1,"column":16},"end":{"line":1,"column":75}},"1":{"start":{"line":1,"column":62},"end":{"line":1,"column":75}},"2":{"start":{"line":3,"column":19},"end":{"line":3,"column":159}},"3":{"start":{"line":3,"column":86},"end":{"line":3,"column":159}},"4":{"start":{"line":3,"column":125},"end":{"line":3,"column":159}},"5":{"start":{"line":3,"column":13},"end":{"line":3,"column":19}}},"fnMap":{"0":{"name":"(anonymous_0)","decl":{"start":{"line":1,"column":16},"end":{"line":1,"column":44}},"loc":{"start":{"line":1,"column":62},"end":{"line":1,"column":75}}},"1":{"name":"(anonymous_1)","decl":{"start":{"line":3,"column":19},"end":{"line":3,"column":47}},"loc":{"start":{"line":3,"column":86},"end":{"line":3,"column":159}}},"2":{"name":"(anonymous_2)","decl":{"start":{"line":3,"column":86},"end":{"line":3,"column":87}},"loc":{"start":{"line":3,"column":125},"end":{"line":3,"column":159}}}},"branchMap":{"0":{"loc":{"start":{"line":1,"column":62},"end":{"line":1,"column":75}},"type":"cond-expr","locations":[{"start":{"line":1,"column":70},"end":{"line":1,"column":71}},{"start":{"line":1,"column":74},"end":{"line":1,"column":75}}]},"1":{"loc":{"start":{"line":3,"column":47},"end":{"line":3,"column":81}},"type":"default-arg","locations":[{"start":{"line":3,"column":74},"end":{"line":3,"column":81}}]}},"s":{"0":1,"1":8,"2":1,"3":4,"4":8,"5":1},"f":{"0":8,"1":4,"2":8},"b":{"0":[8,0],"1":[4]}}
,"/workspaces/monadojs/src/reducers/nth/nth.ts": {"path":"/workspaces/monadojs/src/reducers/nth/nth.ts","statementMap":{"0":{"start":{"line":1,"column":0},"end":{"line":1,"column":53}},"1":{"start":{"line":3,"column":19},"end":{"line":4,"column":101}},"2":{"start":{"line":3,"column":36},"end":{"line":4,"column":101}},"3":{"start":{"line":4,"column":2},"end":{"line":4,"column":101}},"4":{"start":{"line":4,"column":81},"end":{"line":4,"column":100}},"5":{"start":{"line":3,"column":13},"end":{"line":3,"column":19}}},"fnMap":{"0":{"name":"(anonymous_0)","decl":{"start":{"line":3,"column":19},"end":{"line":3,"column":20}},"loc":{"start":{"line":3,"column":36},"end":{"line":4,"column":101}}},"1":{"name":"(anonymous_1)","decl":{"start":{"line":3,"column":36},"end":{"line":3,"column":40}},"loc":{"start":{"line":4,"column":2},"end":{"line":4,"column":101}}},"2":{"name":"(anonymous_2)","decl":{"start":{"line":4,"column":75},"end":{"line":4,"column":78}},"loc":{"start":{"line":4,"column":81},"end":{"line":4,"column":100}}}},"branchMap":{},"s":{"0":1,"1":1,"2":3,"3":6,"4":3,"5":1},"f":{"0":3,"1":6,"2":3},"b":{}}
,"/workspaces/monadojs/src/reducers/sample/sample.ts": {"path":"/workspaces/monadojs/src/reducers/sample/sample.ts","statementMap":{"0":{"start":{"line":1,"column":0},"end":{"line":1,"column":53}},"1":{"start":{"line":3,"column":22},"end":{"line":4,"column":129}},"2":{"start":{"line":3,"column":28},"end":{"line":4,"column":129}},"3":{"start":{"line":4,"column":2},"end":{"line":4,"column":129}},"4":{"start":{"line":4,"column":81},"end":{"line":4,"column":128}},"5":{"start":{"line":3,"column":13},"end":{"line":3,"column":22}}},"fnMap":{"0":{"name":"(anonymous_0)","decl":{"start":{"line":3,"column":22},"end":{"line":3,"column":25}},"loc":{"start":{"line":3,"column":28},"end":{"line":4,"column":129}}},"1":{"name":"(anonymous_1)","decl":{"start":{"line":3,"column":28},"end":{"line":3,"column":32}},"loc":{"start":{"line":4,"column":2},"end":{"line":4,"column":129}}},"2":{"name":"(anonymous_2)","decl":{"start":{"line":4,"column":75},"end":{"line":4,"column":78}},"loc":{"start":{"line":4,"column":81},"end":{"line":4,"column":128}}}},"branchMap":{},"s":{"0":1,"1":1,"2":10,"3":90,"4":10,"5":1},"f":{"0":10,"1":90,"2":10},"b":{}}
,"/workspaces/monadojs/src/reducers/slice/slice.ts": {"path":"/workspaces/monadojs/src/reducers/slice/slice.ts","statementMap":{"0":{"start":{"line":1,"column":0},"end":{"line":1,"column":53}},"1":{"start":{"line":3,"column":21},"end":{"line":4,"column":142}},"2":{"start":{"line":3,"column":61},"end":{"line":4,"column":142}},"3":{"start":{"line":4,"column":4},"end":{"line":4,"column":142}},"4":{"start":{"line":4,"column":83},"end":{"line":4,"column":141}},"5":{"start":{"line":3,"column":13},"end":{"line":3,"column":21}}},"fnMap":{"0":{"name":"(anonymous_0)","decl":{"start":{"line":3,"column":21},"end":{"line":3,"column":22}},"loc":{"start":{"line":3,"column":61},"end":{"line":4,"column":142}}},"1":{"name":"(anonymous_1)","decl":{"start":{"line":3,"column":61},"end":{"line":3,"column":65}},"loc":{"start":{"line":4,"column":4},"end":{"line":4,"column":142}}},"2":{"name":"(anonymous_2)","decl":{"start":{"line":4,"column":77},"end":{"line":4,"column":80}},"loc":{"start":{"line":4,"column":83},"end":{"line":4,"column":141}}}},"branchMap":{"0":{"loc":{"start":{"line":3,"column":22},"end":{"line":3,"column":39}},"type":"default-arg","locations":[{"start":{"line":3,"column":38},"end":{"line":3,"column":39}}]},"1":{"loc":{"start":{"line":4,"column":102},"end":{"line":4,"column":140}},"type":"cond-expr","locations":[{"start":{"line":4,"column":111},"end":{"line":4,"column":125}},{"start":{"line":4,"column":128},"end":{"line":4,"column":140}}]}},"s":{"0":3,"1":3,"2":14,"3":42,"4":14,"5":3},"f":{"0":14,"1":42,"2":14},"b":{"0":[2],"1":[6,8]}}
,"/workspaces/monadojs/src/reducers/sum/sum.ts": {"path":"/workspaces/monadojs/src/reducers/sum/sum.ts","statementMap":{"0":{"start":{"line":1,"column":0},"end":{"line":1,"column":49}},"1":{"start":{"line":3,"column":16},"end":{"line":3,"column":141}},"2":{"start":{"line":3,"column":60},"end":{"line":3,"column":135}},"3":{"start":{"line":5,"column":19},"end":{"line":5,"column":159}},"4":{"start":{"line":5,"column":86},"end":{"line":5,"column":159}},"5":{"start":{"line":5,"column":125},"end":{"line":5,"column":159}},"6":{"start":{"line":5,"column":13},"end":{"line":5,"column":19}}},"fnMap":{"0":{"name":"(anonymous_0)","decl":{"start":{"line":3,"column":16},"end":{"line":3,"column":44}},"loc":{"start":{"line":3,"column":60},"end":{"line":3,"column":135}}},"1":{"name":"(anonymous_1)","decl":{"start":{"line":5,"column":19},"end":{"line":5,"column":47}},"loc":{"start":{"line":5,"column":86},"end":{"line":5,"column":159}}},"2":{"name":"(anonymous_2)","decl":{"start":{"line":5,"column":86},"end":{"line":5,"column":87}},"loc":{"start":{"line":5,"column":125},"end":{"line":5,"column":159}}}},"branchMap":{"0":{"loc":{"start":{"line":3,"column":60},"end":{"line":3,"column":135}},"type":"cond-expr","locations":[{"start":{"line":3,"column":89},"end":{"line":3,"column":94}},{"start":{"line":3,"column":97},"end":{"line":3,"column":135}}]},"1":{"loc":{"start":{"line":3,"column":60},"end":{"line":3,"column":86}},"type":"binary-expr","locations":[{"start":{"line":3,"column":60},"end":{"line":3,"column":71}},{"start":{"line":3,"column":75},"end":{"line":3,"column":86}}]},"2":{"loc":{"start":{"line":3,"column":97},"end":{"line":3,"column":135}},"type":"cond-expr","locations":[{"start":{"line":3,"column":126},"end":{"line":3,"column":131}},{"start":{"line":3,"column":134},"end":{"line":3,"column":135}}]},"3":{"loc":{"start":{"line":3,"column":97},"end":{"line":3,"column":123}},"type":"binary-expr","locations":[{"start":{"line":3,"column":97},"end":{"line":3,"column":108}},{"start":{"line":3,"column":112},"end":{"line":3,"column":123}}]},"4":{"loc":{"start":{"line":5,"column":47},"end":{"line":5,"column":81}},"type":"default-arg","locations":[{"start":{"line":5,"column":74},"end":{"line":5,"column":81}}]}},"s":{"0":2,"1":2,"2":9,"3":2,"4":3,"5":9,"6":2},"f":{"0":9,"1":3,"2":9},"b":{"0":[7,2],"1":[9,7],"2":[2,0],"3":[2,2],"4":[3]}}
,"/workspaces/monadojs/src/reducers/tail/tail.ts": {"path":"/workspaces/monadojs/src/reducers/tail/tail.ts","statementMap":{"0":{"start":{"line":1,"column":0},"end":{"line":1,"column":39}},"1":{"start":{"line":3,"column":20},"end":{"line":3,"column":58}},"2":{"start":{"line":3,"column":44},"end":{"line":3,"column":58}},"3":{"start":{"line":3,"column":13},"end":{"line":3,"column":20}}},"fnMap":{"0":{"name":"(anonymous_0)","decl":{"start":{"line":3,"column":20},"end":{"line":3,"column":21}},"loc":{"start":{"line":3,"column":44},"end":{"line":3,"column":58}}}},"branchMap":{"0":{"loc":{"start":{"line":3,"column":21},"end":{"line":3,"column":39}},"type":"default-arg","locations":[{"start":{"line":3,"column":38},"end":{"line":3,"column":39}}]}},"s":{"0":1,"1":1,"2":6,"3":1},"f":{"0":6},"b":{"0":[3]}}
,"/workspaces/monadojs/src/reducers/zip/zip.ts": {"path":"/workspaces/monadojs/src/reducers/zip/zip.ts","statementMap":{"0":{"start":{"line":1,"column":0},"end":{"line":1,"column":47}},"1":{"start":{"line":3,"column":14},"end":{"line":13,"column":1}},"2":{"start":{"line":4,"column":2},"end":{"line":10,"column":null}},"3":{"start":{"line":4,"column":15},"end":{"line":4,"column":16}},"4":{"start":{"line":5,"column":4},"end":{"line":7,"column":null}},"5":{"start":{"line":6,"column":6},"end":{"line":6,"column":26}},"6":{"start":{"line":9,"column":4},"end":{"line":9,"column":35}},"7":{"start":{"line":12,"column":2},"end":{"line":12,"column":21}},"8":{"start":{"line":15,"column":19},"end":{"line":15,"column":164}},"9":{"start":{"line":15,"column":25},"end":{"line":15,"column":164}},"10":{"start":{"line":15,"column":93},"end":{"line":15,"column":164}},"11":{"start":{"line":15,"column":13},"end":{"line":15,"column":19}}},"fnMap":{"0":{"name":"(anonymous_0)","decl":{"start":{"line":3,"column":14},"end":{"line":3,"column":18}},"loc":{"start":{"line":3,"column":53},"end":{"line":13,"column":1}}},"1":{"name":"(anonymous_1)","decl":{"start":{"line":15,"column":19},"end":{"line":15,"column":22}},"loc":{"start":{"line":15,"column":25},"end":{"line":15,"column":164}}},"2":{"name":"(anonymous_2)","decl":{"start":{"line":15,"column":25},"end":{"line":15,"column":29}},"loc":{"start":{"line":15,"column":93},"end":{"line":15,"column":164}}}},"branchMap":{"0":{"loc":{"start":{"line":5,"column":4},"end":{"line":7,"column":null}},"type":"if","locations":[{"start":{"line":5,"column":4},"end":{"line":7,"column":null}}]}},"s":{"0":1,"1":1,"2":3,"3":3,"4":6,"5":2,"6":6,"7":3,"8":1,"9":1,"10":2,"11":1},"f":{"0":3,"1":1,"2":2},"b":{"0":[2]}}
,"/workspaces/monadojs/src/sorters/asc/asc.ts": {"path":"/workspaces/monadojs/src/sorters/asc/asc.ts","statementMap":{"0":{"start":{"line":1,"column":0},"end":{"line":1,"column":43}},"1":{"start":{"line":3,"column":0},"end":{"line":3,"column":46}},"2":{"start":{"line":5,"column":19},"end":{"line":5,"column":142}},"3":{"start":{"line":5,"column":93},"end":{"line":5,"column":142}},"4":{"start":{"line":5,"column":116},"end":{"line":5,"column":141}},"5":{"start":{"line":5,"column":13},"end":{"line":5,"column":19}}},"fnMap":{"0":{"name":"(anonymous_0)","decl":{"start":{"line":5,"column":19},"end":{"line":5,"column":26}},"loc":{"start":{"line":5,"column":93},"end":{"line":5,"column":142}}},"1":{"name":"(anonymous_1)","decl":{"start":{"line":5,"column":100},"end":{"line":5,"column":101}},"loc":{"start":{"line":5,"column":116},"end":{"line":5,"column":141}}}},"branchMap":{"0":{"loc":{"start":{"line":5,"column":26},"end":{"line":5,"column":77}},"type":"default-arg","locations":[{"start":{"line":5,"column":49},"end":{"line":5,"column":77}}]}},"s":{"0":1,"1":1,"2":1,"3":6,"4":18,"5":1},"f":{"0":6,"1":18},"b":{"0":[5]}}
,"/workspaces/monadojs/src/sorters/desc/desc.ts": {"path":"/workspaces/monadojs/src/sorters/desc/desc.ts","statementMap":{"0":{"start":{"line":1,"column":0},"end":{"line":1,"column":43}},"1":{"start":{"line":3,"column":0},"end":{"line":3,"column":46}},"2":{"start":{"line":5,"column":20},"end":{"line":5,"column":143}},"3":{"start":{"line":5,"column":94},"end":{"line":5,"column":143}},"4":{"start":{"line":5,"column":117},"end":{"line":5,"column":142}},"5":{"start":{"line":5,"column":13},"end":{"line":5,"column":20}}},"fnMap":{"0":{"name":"(anonymous_0)","decl":{"start":{"line":5,"column":20},"end":{"line":5,"column":27}},"loc":{"start":{"line":5,"column":94},"end":{"line":5,"column":143}}},"1":{"name":"(anonymous_1)","decl":{"start":{"line":5,"column":101},"end":{"line":5,"column":102}},"loc":{"start":{"line":5,"column":117},"end":{"line":5,"column":142}}}},"branchMap":{"0":{"loc":{"start":{"line":5,"column":27},"end":{"line":5,"column":78}},"type":"default-arg","locations":[{"start":{"line":5,"column":50},"end":{"line":5,"column":78}}]}},"s":{"0":1,"1":1,"2":1,"3":6,"4":18,"5":1},"f":{"0":6,"1":18},"b":{"0":[5]}}
,"/workspaces/monadojs/src/utils/index.ts": {"path":"/workspaces/monadojs/src/utils/index.ts","statementMap":{"0":{"start":{"line":1,"column":0},"end":{"line":1,"column":36}},"1":{"start":{"line":2,"column":0},"end":{"line":2,"column":38}},"2":{"start":{"line":3,"column":0},"end":{"line":3,"column":40}},"3":{"start":{"line":4,"column":0},"end":{"line":4,"column":34}}},"fnMap":{},"branchMap":{},"s":{"0":65,"1":65,"2":65,"3":65},"f":{},"b":{}}
,"/workspaces/monadojs/src/utils/object/object.utils.ts": {"path":"/workspaces/monadojs/src/utils/object/object.utils.ts","statementMap":{"0":{"start":{"line":3,"column":22},"end":{"line":3,"column":67}},"1":{"start":{"line":3,"column":53},"end":{"line":3,"column":67}},"2":{"start":{"line":3,"column":13},"end":{"line":3,"column":22}},"3":{"start":{"line":4,"column":27},"end":{"line":4,"column":82}},"4":{"start":{"line":4,"column":63},"end":{"line":4,"column":82}},"5":{"start":{"line":4,"column":13},"end":{"line":4,"column":27}},"6":{"start":{"line":5,"column":21},"end":{"line":5,"column":99}},"7":{"start":{"line":5,"column":64},"end":{"line":5,"column":99}},"8":{"start":{"line":5,"column":13},"end":{"line":5,"column":21}},"9":{"start":{"line":6,"column":24},"end":{"line":6,"column":82}},"10":{"start":{"line":6,"column":57},"end":{"line":6,"column":82}},"11":{"start":{"line":6,"column":13},"end":{"line":6,"column":24}},"12":{"start":{"line":7,"column":24},"end":{"line":7,"column":82}},"13":{"start":{"line":7,"column":57},"end":{"line":7,"column":82}},"14":{"start":{"line":7,"column":13},"end":{"line":7,"column":24}},"15":{"start":{"line":8,"column":25},"end":{"line":8,"column":85}},"16":{"start":{"line":8,"column":59},"end":{"line":8,"column":85}},"17":{"start":{"line":8,"column":13},"end":{"line":8,"column":25}},"18":{"start":{"line":9,"column":22},"end":{"line":9,"column":67}},"19":{"start":{"line":9,"column":53},"end":{"line":9,"column":67}},"20":{"start":{"line":9,"column":13},"end":{"line":9,"column":22}},"21":{"start":{"line":10,"column":23},"end":{"line":10,"column":70}},"22":{"start":{"line":10,"column":55},"end":{"line":10,"column":70}},"23":{"start":{"line":10,"column":13},"end":{"line":10,"column":23}},"24":{"start":{"line":11,"column":24},"end":{"line":11,"column":82}},"25":{"start":{"line":11,"column":57},"end":{"line":11,"column":82}},"26":{"start":{"line":11,"column":13},"end":{"line":11,"column":24}},"27":{"start":{"line":12,"column":22},"end":{"line":12,"column":74}},"28":{"start":{"line":12,"column":53},"end":{"line":12,"column":74}},"29":{"start":{"line":12,"column":13},"end":{"line":12,"column":22}},"30":{"start":{"line":13,"column":24},"end":{"line":13,"column":116}},"31":{"start":{"line":13,"column":57},"end":{"line":13,"column":116}},"32":{"start":{"line":13,"column":13},"end":{"line":13,"column":24}},"33":{"start":{"line":14,"column":27},"end":{"line":14,"column":136}},"34":{"start":{"line":14,"column":63},"end":{"line":14,"column":136}},"35":{"start":{"line":14,"column":13},"end":{"line":14,"column":27}},"36":{"start":{"line":15,"column":21},"end":{"line":15,"column":83}},"37":{"start":{"line":15,"column":63},"end":{"line":15,"column":83}},"38":{"start":{"line":15,"column":13},"end":{"line":15,"column":21}},"39":{"start":{"line":16,"column":23},"end":{"line":16,"column":76}},"40":{"start":{"line":16,"column":56},"end":{"line":16,"column":76}},"41":{"start":{"line":16,"column":13},"end":{"line":16,"column":23}},"42":{"start":{"line":17,"column":24},"end":{"line":17,"column":125}},"43":{"start":{"line":17,"column":64},"end":{"line":17,"column":125}},"44":{"start":{"line":17,"column":13},"end":{"line":17,"column":24}},"45":{"start":{"line":18,"column":23},"end":{"line":18,"column":327}},"46":{"start":{"line":18,"column":83},"end":{"line":18,"column":326}},"47":{"start":{"line":18,"column":13},"end":{"line":18,"column":23}},"48":{"start":{"line":19,"column":26},"end":{"line":19,"column":103}},"49":{"start":{"line":19,"column":76},"end":{"line":19,"column":103}},"50":{"start":{"line":19,"column":13},"end":{"line":19,"column":26}},"51":{"start":{"line":20,"column":18},"end":{"line":33,"column":37}},"52":{"start":{"line":20,"column":41},"end":{"line":33,"column":37}},"53":{"start":{"line":21,"column":2},"end":{"line":33,"column":37}},"54":{"start":{"line":20,"column":13},"end":{"line":20,"column":18}},"55":{"start":{"line":35,"column":23},"end":{"line":35,"column":370}},"56":{"start":{"line":35,"column":57},"end":{"line":35,"column":369}},"57":{"start":{"line":35,"column":148},"end":{"line":35,"col
[...]
e":5,"column":77}},{"start":{"line":5,"column":81},"end":{"line":5,"column":99}}]},"1":{"loc":{"start":{"line":14,"column":63},"end":{"line":14,"column":136}},"type":"binary-expr","locations":[{"start":{"line":14,"column":63},"end":{"line":14,"column":78}},{"start":{"line":14,"column":82},"end":{"line":14,"column":97}},{"start":{"line":14,"column":101},"end":{"line":14,"column":117}},{"start":{"line":14,"column":121},"end":{"line":14,"column":136}}]},"2":{"loc":{"start":{"line":17,"column":64},"end":{"line":17,"column":125}},"type":"binary-expr","locations":[{"start":{"line":17,"column":64},"end":{"line":17,"column":89}},{"start":{"line":17,"column":93},"end":{"line":17,"column":108}},{"start":{"line":17,"column":112},"end":{"line":17,"column":125}}]},"3":{"loc":{"start":{"line":18,"column":83},"end":{"line":18,"column":326}},"type":"cond-expr","locations":[{"start":{"line":18,"column":98},"end":{"line":18,"column":102}},{"start":{"line":18,"column":105},"end":{"line":18,"column":326}}]},"4":{"loc":{"start":{"line":18,"column":105},"end":{"line":18,"column":326}},"type":"cond-expr","locations":[{"start":{"line":18,"column":126},"end":{"line":18,"column":130}},{"start":{"line":18,"column":133},"end":{"line":18,"column":326}}]},"5":{"loc":{"start":{"line":18,"column":133},"end":{"line":18,"column":326}},"type":"cond-expr","locations":[{"start":{"line":18,"column":153},"end":{"line":18,"column":157}},{"start":{"line":18,"column":160},"end":{"line":18,"column":326}}]},"6":{"loc":{"start":{"line":18,"column":160},"end":{"line":18,"column":326}},"type":"cond-expr","locations":[{"start":{"line":18,"column":177},"end":{"line":18,"column":195}},{"start":{"line":18,"column":198},"end":{"line":18,"column":326}}]},"7":{"loc":{"start":{"line":18,"column":198},"end":{"line":18,"column":326}},"type":"cond-expr","locations":[{"start":{"line":18,"column":214},"end":{"line":18,"column":235}},{"start":{"line":18,"column":238},"end":{"line":18,"column":326}}]},"8":{"loc":{"start":{"line":18,"column":238},"end":{"line":18,"column":326}},"type":"cond-expr","locations":[{"start":{"line":18,"column":256},"end":{"line":18,"column":261}},{"start":{"line":18,"column":264},"end":{"line":18,"column":326}}]},"9":{"loc":{"start":{"line":18,"column":264},"end":{"line":18,"column":326}},"type":"cond-expr","locations":[{"start":{"line":18,"column":287},"end":{"line":18,"column":318}},{"start":{"line":18,"column":321},"end":{"line":18,"column":326}}]},"10":{"loc":{"start":{"line":21,"column":2},"end":{"line":33,"column":37}},"type":"cond-expr","locations":[{"start":{"line":21,"column":18},"end":{"line":21,"column":31}},{"start":{"line":22,"column":2},"end":{"line":33,"column":37}}]},"11":{"loc":{"start":{"line":22,"column":2},"end":{"line":33,"column":37}},"type":"cond-expr","locations":[{"start":{"line":22,"column":23},"end":{"line":22,"column":41}},{"start":{"line":23,"column":2},"end":{"line":33,"column":37}}]},"12":{"loc":{"start":{"line":23,"column":2},"end":{"line":33,"column":37}},"type":"cond-expr","locations":[{"start":{"line":23,"column":20},"end":{"line":23,"column":35}},{"start":{"line":24,"column":2},"end":{"line":33,"column":37}}]},"13":{"loc":{"start":{"line":24,"column":2},"end":{"line":33,"column":37}},"type":"cond-expr","locations":[{"start":{"line":24,"column":20},"end":{"line":24,"column":35}},{"start":{"line":25,"column":2},"end":{"line":33,"column":37}}]},"14":{"loc":{"start":{"line":25,"column":2},"end":{"line":33,"column":37}},"type":"cond-expr","locations":[{"start":{"line":25,"column":21},"end":{"line":25,"column":37}},{"start":{"line":26,"column":2},"end":{"line":33,"column":37}}]},"15":{"loc":{"start":{"line":26,"column":2},"end":{"line":33,"column":37}},"type":"cond-expr","locations":[{"start":{"line":26,"column":20},"end":{"line":26,"column":35}},{"start":{"line":27,"column":2},"end":{"line":33,"column":37}}]},"16":{"loc":{"start":{"line":27,"column":2},"end":{"line":33,"column":37}},"type":"cond-expr","locations":[{"start":{"line":27,"column":18},"end":{"line":27,"column":31}},{"start":{"line":28,"column":2},"end":{"line":33,"column":37}}]},"17":{"loc":{"start":{"line":28,"column":2},"end":{"line":33,"column":37}},"type":"cond-expr","locations":[{"start":{"line":28,"column":20},"end":{"line":28,"column":35}},{"start":{"line":29,"column":2},"end":{"line":33,"column":37}}]},"18":{"loc":{"start":{"line":29,"column":2},"end":{"line":33,"column":37}},"type":"cond-expr","locations":[{"start":{"line":29,"column":19},"end":{"line":29,"column":33}},{"start":{"line":30,"column":2},"end":{"line":33,"column":37}}]},"19":{"loc":{"start":{"line":30,"column":2},"end":{"line":33,"column":37}},"type":"cond-expr","locations":[{"start":{"line":30,"column":17},"end":{"line":30,"column":29}},{"start":{"line":31,"column":2},"end":{"line":33,"column":37}}]},"20":{"loc":{"start":{"line":31,"column":2},"end":{"line":33,"column":37}},"type":"cond-expr","locations":[{"start":{"line":31,"column":20},"end":{"line":31,"column":35}},{"start":{"line":32,"column":2},"end":{"line":33,"column":37}}]},"21":{"loc":{"start":{"line":32,"column":2},"end":{"line":33,"column":37}},"type":"cond-expr","locations":[{"start":{"line":32,"column":22},"end":{"line":32,"column":39}},{"start":{"line":33,"column":3},"end":{"line":33,"column":37}}]},"22":{"loc":{"start":{"line":35,"column":57},"end":{"line":35,"column":369}},"type":"cond-expr","locations":[{"start":{"line":35,"column":87},"end":{"line":35,"column":174}},{"start":{"line":35,"column":178},"end":{"line":35,"column":369}}]},"23":{"loc":{"start":{"line":35,"column":57},"end":{"line":35,"column":83}},"type":"binary-expr","locations":[{"start":{"line":35,"column":57},"end":{"line":35,"column":68}},{"start":{"line":35,"column":72},"end":{"line":35,"column":83}}]},"24":{"loc":{"start":{"line":35,"column":87},"end":{"line":35,"column":174}},"type":"cond-expr","locations":[{"start":{"line":35,"column":113},"end":{"line":35,"column":118}},{"start":{"line":35,"column":121},"end":{"line":35,"column":174}}]},"25":{"loc":{"start":{"line":35,"column":178},"end":{"line":35,"column":369}},"type":"cond-expr","locations":[{"start":{"line":35,"column":210},"end":{"line":35,"column":348}},{"start":{"line":35,"column":352},"end":{"line":35,"column":369}}]},"26":{"loc":{"start":{"line":35,"column":178},"end":{"line":35,"column":206}},"type":"binary-expr","locations":[{"start":{"line":35,"column":178},"end":{"line":35,"column":190}},{"start":{"line":35,"column":194},"end":{"line":35,"column":206}}]},"27":{"loc":{"start":{"line":35,"column":210},"end":{"line":35,"column":348}},"type":"cond-expr","locations":[{"start":{"line":35,"column":262},"end":{"line":35,"column":267}},{"start":{"line":35,"column":270},"end":{"line":35,"column":348}}]},"28":{"loc":{"start":{"line":36,"column":57},"end":{"line":36,"column":241}},"type":"cond-expr","locations":[{"start":{"line":36,"column":82},"end":{"line":36,"column":87}},{"start":{"line":36,"column":90},"end":{"line":36,"column":241}}]},"29":{"loc":{"start":{"line":36,"column":57},"end":{"line":36,"column":79}},"type":"binary-expr","locations":[{"start":{"line":36,"column":57},"end":{"line":36,"column":66}},{"start":{"line":36,"column":70},"end":{"line":36,"column":79}}]},"30":{"loc":{"start":{"line":36,"column":90},"end":{"line":36,"column":241}},"type":"cond-expr","locations":[{"start":{"line":36,"column":121},"end":{"line":36,"column":233}},{"start":{"line":36,"column":236},"end":{"line":36,"column":241}}]},"31":{"loc":{"start":{"line":36,"column":90},"end":{"line":36,"column":118}},"type":"binary-expr","locations":[{"start":{"line":36,"column":90},"end":{"line":36,"column":102}},{"start":{"line":36,"column":106},"end":{"line":36,"column":118}}]},"32":{"loc":{"start":{"line":36,"column":121},"end":{"line":36,"column":233}},"type":"binary-expr","locations":[{"start":{"line":36,"column":121},"end":{"line":36,"column":175}},{"start":{"line":36,"column":179},"end":{"line":36,"column":233}}]},"33":{"loc":{"start":{"line":38,"column":54},"end":{"line":38,"column":313}},"type":"cond-expr","locations":[{"start":{"line":38,"column":66},"end":{"line":38,"column":71}},{"start":{"line":38,"column":74},"end":{"line":38,"column":313}}]},"34":{"loc":{"start":{"line":38,"column":74},"end":{"line":38,"column":313}},"type":"cond-expr","locations":[{"start":{"line":38,"column":86},"end":{"line":38,"column":91}},{"start":{"line":38,"column":94},"end":{"line":38,"column":313}}]},"35":{"loc":{"start":{"line":38,"column":94},"end":{"line":38,"column":313}},"type":"cond-expr","locations":[{"start":{"line":38,"column":124},"end":{"line":38,"column":129}},{"start":{"line":38,"column":132},"end":{"line":38,"column":313}}]},"36":{"loc":{"start":{"line":38,"column":94},"end":{"line":38,"column":121}},"type":"binary-expr","locations":[{"start":{"line":38,"column":94},"end":{"line":38,"column":105}},{"start":{"line":38,"column":109},"end":{"line":38,"column":121}}]},"37":{"loc":{"start":{"line":38,"column":132},"end":{"line":38,"column":313}},"type":"cond-expr","locations":[{"start":{"line":38,"column":162},"end":{"line":38,"column":167}},{"start":{"line":38,"column":170},"end":{"line":38,"column":313}}]},"38":{"loc":{"start":{"line":38,"column":132},"end":{"line":38,"column":159}},"type":"binary-expr","locations":[{"start":{"line":38,"column":132},"end":{"line":38,"column":144}},{"start":{"line":38,"column":148},"end":{"line":38,"column":159}}]},"39":{"loc":{"start":{"line":38,"column":170},"end":{"line":38,"column":313}},"type":"cond-expr","locations":[{"start":{"line":38,"column":199},"end":{"line":38,"column":287}},{"start":{"line":38,"column":290},"end":{"line":38,"column":313}}]},"40":{"loc":{"start":{"line":38,"column":170},"end":{"line":38,"column":196}},"type":"binary-expr","locations":[{"start":{"line":38,"column":170},"end":{"line":38,"column":181}},{"start":{"line":38,"column":185},"end":{"line":38,"column":196}}]},"41":{"loc":{"start":{"line":38,"column":199},"end":{"line":38,"column":287}},"type":"binary-expr","locations":[{"start":{"line":38,"column":199},"end":{"line":38,"column":222}},{"start":{"line":38,"column":226},"end":{"line":38,"column":287}}]},"42":{"loc":{"start":{"line":44,"column":15},"end":{"line":44,"column":88}},"type":"cond-expr","locations":[{"start":{"line":44,"column":40},"end":{"line":44,"column":77}},{"start":{"line":44,"column":80},"end":{"line":44,"column":88}}]},"43":{"loc":{"start":{"line":45,"column":16},"end":{"line":45,"column":101}},"type":"binary-expr","locations":[{"start":{"line":45,"column":16},"end":{"line":45,"column":87}},{"start":{"line":45,"column":91},"end":{"line":45,"column":101}}]},"44":{"loc":{"start":{"line":46,"column":11},"end":{"line":46,"column":65}},"type":"cond-expr","locations":[{"start":{"line":46,"column":39},"end":{"line":46,"column":54}},{"start":{"line":46,"column":57},"end":{"line":46,"column":65}}]},"45":{"loc":{"start":{"line":52,"column":2},"end":{"line":54,"column":null}},"type":"if","locations":[{"start":{"line":52,"column":2},"end":{"line":54,"column":null}}]},"46":{"loc":{"start":{"line":58,"column":4},"end":{"line":61,"column":null}},"type":"if","locations":[{"start":{"line":58,"column":4},"end":{"line":61,"column":null}}]},"47":{"loc":{"start":{"line":58,"column":8},"end":{"line":58,"column":66}},"type":"binary-expr","locations":[{"start":{"line":58,"column":8},"end":{"line":58,"column":34}},{"start":{"line":58,"column":38},"end":{"line":58,"column":50}},{"start":{"line":58,"column":54},"end":{"line":58,"column":66}}]},"48":{"loc":{"start":{"line":62,"column":4},"end":{"line":67,"column":null}},"type":"if","locations":[{"start":{"line":62,"column":4},"end":{"line":67,"column":null}}]},"49":{"loc":{"start":{"line":62,"column":8},"end":{"line":62,"column":67}},"type":"binary-expr","locations":[{"start":{"line":62,"column":8},"end":{"line":62,"column":35}},{"start":{"line":62,"column":39},"end":{"line":62,"column":51}},{"start":{"line":62,"column":55},"end":{"line":62,"column":67}}]},"50":{"loc":{"start":{"line":64,"column":6},"end":{"line":66,"column":null}},"type":"if","locations":[{"start":{"line":64,"column":6},"end":{"line":66,"column":null}}]},"51":{"loc":{"start":{"line":68,"column":4},"end":{"line":70,"column":null}},"type":"if","locations":[{"start":{"line":68,"column":4},"end":{"line":70,"column":null}}]},"52":{"loc":{"start":{"line":68,"column":8},"end":{"line":68,"column":71}},"type":"binary-expr","locations":[{"start":{"line":68,"column":8},"end":{"line":68,"column":27}},{"start":{"line":68,"column":31},"end":{"line":68,"column":43}},{"start":{"line":68,"column":47},"end":{"line":68,"column":71}}]},"53":{"loc":{"start":{"line":71,"column":4},"end":{"line":73,"column":null}},"type":"if","locations":[{"start":{"line":71,"column":4},"end":{"line":73,"column":null}}]},"54":{"loc":{"start":{"line":71,"column":8},"end":{"line":71,"column":71}},"type":"binary-expr","locations":[{"start":{"line":71,"column":8},"end":{"line":71,"column":27}},{"start":{"line":71,"column":31},"end":{"line":71,"column":43}},{"start":{"line":71,"column":47},"end":{"line":71,"column":71}}]},"55":{"loc":{"start":{"line":74,"column":4},"end":{"line":76,"column":null}},"type":"if","locations":[{"start":{"line":74,"column":4},"end":{"line":76,"column":null}}]},"56":{"loc":{"start":{"line":74,"column":8},"end":{"line":74,"column":81}},"type":"binary-expr","locations":[{"start":{"line":74,"column":8},"end":{"line":74,"column":27}},{"start":{"line":74,"column":31},"end":{"line":74,"column":49}},{"start":{"line":74,"column":53},"end":{"line":74,"column":65}},{"start":{"line":74,"column":69},"end":{"line":74,"column":81}}]},"57":{"loc":{"start":{"line":79,"column":9},"end":{"line":79,"column":106}},"type":"cond-expr","locations":[{"start":{"line":79,"column":88},"end":{"line":79,"column":89}},{"start":{"line":79,"column":92},"end":{"line":79,"column":106}}]},"58":{"loc":{"start":{"line":79,"column":9},"end":{"line":79,"column":85}},"type":"binary-expr","locations":[{"start":{"line":79,"column":9},"end":{"line":79,"column":25}},{"start":{"line":79,"column":29},"end":{"line":79,"column":85}}]}},"s":{"0":67,"1":385,"2":67,"3":67,"4":386,"5":67,"6":67,"7":359,"8":67,"9":67,"10":133,"11":67,"12":67,"13":118,"14":67,"15":67,"16":62,"17":67,"18":67,"19":10,"20":67,"21":67,"22":4,"23":67,"24":67,"25":59,"26":67,"27":67,"28":43,"29":67,"30":67,"31":42,"32":67,"33":67,"34":34,"35":67,"36":67,"37":39,"38":67,"39":67,"40":570,"41":67,"42":67,"43":229,"44":67,"45":67,"46":30,"47":67,"48":67,"49":138,"50":67,"51":67,"52":14,"53":158,"54":67,"55":67,"56":60,"57":4,"58":4,"59":67,"60":67,"61":27,"62":23,"63":8,"64":67,"65":67,"66":5,"67":7,"68":67,"69":67,"70":2,"71":67,"72":67,"73":6,"74":6,"75":6,"76":6,"77":6,"78":6,"79":0,"80":6,"81":6,"82":54,"83":6,"84":6,"85":54,"86":6,"87":6,"88":6,"89":48,"90":0,"91":48,"92":0,"93":48,"94":12,"95":6,"96":67},"f":{"0":385,"1":386,"2":359,"3":133,"4":118,"5":62,"6":10,"7":4,"8":59,"9":43,"10":42,"11":34,"12":39,"13":570,"14":229,"15":30,"16":138,"17":14,"18":158,"19":60,"20":4,"21":4,"22":27,"23":23,"24":8,"25":5,"26":7,"27":2,"28":6,"29":6},"b":{"0":[359,344],"1":[34,31,23,20],"2":[229,151,148],"3":[6,24],"4":[10,14],"5":[6,8],"6":[4,4],"7":[1,3],"8":[1,2],"9":[2,0],"10":[13,145],"11":[13,132],"12":[13,119],"13":[13,106],"14":[13,93],"15":[13,80],"16":[13,67],"17":[13,54],"18":[13,41],"19":[13,28],"20":[13,15],"21":[13,2],"22":[5,55],"23":[60,5],"24":[0,5],"25":[6,49],"26":[55,6],"27":[0,6],"28":[0,27],"29":[27,27],"30":[27,0],"31":[27,27],"32":[27,7],"33":[0,5],"34":[0,5],"35":[0,5],"36":[5,5],"37":[0,5],"38":[5,0],"39":[5,0],"40":[5,5],"41":[5,5],"42":[6,0],"43":[6,0],"44":[0,6],"45":[0],"46":[6],"47":[54,6,6],"48":[6],"49":[54,6,6],"50":[6],"51":[0],"52":[48,0,0],"53":[0],"54":[48,0,0],"55":[12],"56":[48,12,12,12],"57":[0,6],"58":[6,0]}}
,"/workspaces/monadojs/src/utils/reducer/reducer.utils.ts": {"path":"/workspaces/monadojs/src/utils/reducer/reducer.utils.ts","statementMap":{"0":{"start":{"line":1,"column":0},"end":{"line":1,"column":94}},"1":{"start":{"line":5,"column":32},"end":{"line":15,"column":1}},"2":{"start":{"line":6,"column":25},"end":{"line":6,"column":27}},"3":{"start":{"line":8,"column":2},"end":{"line":12,"column":null}},"4":{"start":{"line":9,"column":4},"end":{"line":9,"column":32}},"5":{"start":{"line":10,"column":9},"end":{"line":12,"column":null}},"6":{"start":{"line":11,"column":4},"end":{"line":11,"column":41}},"7":{"start":{"line":14,"column":2},"end":{"line":14,"column":45}},"8":{"start":{"line":5,"column":13},"end":{"line":5,"column":32}},"9":{"start":{"line":17,"column":33},"end":{"line":27,"column":1}},"10":{"start":{"line":18,"column":23},"end":{"line":18,"column":30}},"11":{"start":{"line":20,"column":2},"end":{"line":24,"column":null}},"12":{"start":{"line":21,"column":4},"end":{"line":21,"column":32}},"13":{"start":{"line":22,"column":9},"end":{"line":24,"column":null}},"14":{"start":{"line":23,"column":4},"end":{"line":23,"column":41}},"15":{"start":{"line":26,"column":2},"end":{"line":26,"column":45}},"16":{"start":{"line":17,"column":13},"end":{"line":17,"column":33}},"17":{"start":{"line":29,"column":38},"end":{"line":29,"column":186}},"18":{"start":{"line":29,"column":139},"end":{"line":29,"column":185}},"19":{"start":{"line":29,"column":13},"end":{"line":29,"column":38}}},"fnMap":{"0":{"name":"(anonymous_0)","decl":{"start":{"line":5,"column":32},"end":{"line":5,"column":36}},"loc":{"start":{"line":5,"column":142},"end":{"line":15,"column":1}}},"1":{"name":"(anonymous_1)","decl":{"start":{"line":17,"column":33},"end":{"line":17,"column":46}},"loc":{"start":{"line":17,"column":152},"end":{"line":27,"column":1}}},"2":{"name":"(anonymous_2)","decl":{"start":{"line":29,"column":38},"end":{"line":29,"column":42}},"loc":{"start":{"line":29,"column":139},"end":{"line":29,"column":185}}}},"branchMap":{"0":{"loc":{"start":{"line":8,"column":2},"end":{"line":12,"column":null}},"type":"if","locations":[{"start":{"line":8,"column":2},"end":{"line":12,"column":null}},{"start":{"line":10,"column":9},"end":{"line":12,"column":null}}]},"1":{"loc":{"start":{"line":8,"column":6},"end":{"line":8,"column":128}},"type":"binary-expr","locations":[{"start":{"line":8,"column":6},"end":{"line":8,"column":31}},{"start":{"line":8,"column":36},"end":{"line":8,"column":58}},{"start":{"line":8,"column":63},"end":{"line":8,"column":79}},{"start":{"line":8,"column":83},"end":{"line":8,"column":126}}]},"2":{"loc":{"start":{"line":10,"column":9},"end":{"line":12,"column":null}},"type":"if","locations":[{"start":{"line":10,"column":9},"end":{"line":12,"column":null}}]},"3":{"loc":{"start":{"line":20,"column":2},"end":{"line":24,"column":null}},"type":"if","locations":[{"start":{"line":20,"column":2},"end":{"line":24,"column":null}},{"start":{"line":22,"column":9},"end":{"line":24,"column":null}}]},"4":{"loc":{"start":{"line":20,"column":6},"end":{"line":20,"column":84}},"type":"binary-expr","locations":[{"start":{"line":20,"column":6},"end":{"line":20,"column":32}},{"start":{"line":20,"column":36},"end":{"line":20,"column":84}}]},"5":{"loc":{"start":{"line":22,"column":9},"end":{"line":24,"column":null}},"type":"if","locations":[{"start":{"line":22,"column":9},"end":{"line":24,"column":null}}]},"6":{"loc":{"start":{"line":22,"column":13},"end":{"line":22,"column":61}},"type":"binary-expr","locations":[{"start":{"line":22,"column":13},"end":{"line":22,"column":39}},{"start":{"line":22,"column":43},"end":{"line":22,"column":61}}]},"7":{"loc":{"start":{"line":29,"column":139},"end":{"line":29,"column":185}},"type":"cond-expr","locations":[{"start":{"line":29,"column":158},"end":{"line":29,"column":171}},{"start":{"line":29,"column":174},"end":{"line":29,"column":185}}]}},"s":{"0":65,"1":65,"2":2,"3":2,"4":1,"5":1,"6":1,"7":2,"8":65,"9":65,"10":21,"11":21,"12":21,"13":0,"14":0,"15":21,"16":65,"17":65,"18":311,"19":65},"f":{"0":2,"1":21,"2":311},"b":{"0":[1,1],"1":[2,2,2,1],"2":[1],"3":[21,0],"4":[21,21],"5":[0],"6":[0,0],"7":[208,103]}}
}
