TN:
SF:src/filters/empty/empty.ts
FN:3,(anonymous_0)
FNF:1
FNH:1
FNDA:10,(anonymous_0)
DA:1,4
DA:3,10
LF:2
LH:2
BRF:0
BRH:0
end_of_record
TN:
SF:src/filters/ends-with/ends-with.ts
FN:3,(anonymous_0)
FN:3,(anonymous_1)
FNF:2
FNH:2
FNDA:6,(anonymous_0)
FNDA:7,(anonymous_1)
DA:1,4
DA:3,7
LF:2
LH:2
BRDA:3,0,0,2
BRDA:3,0,1,5
BRF:2
BRH:2
end_of_record
TN:
SF:src/filters/eq/eq.ts
FN:3,(anonymous_0)
FN:3,(anonymous_1)
FNF:2
FNH:2
FNDA:26,(anonymous_0)
FNDA:42,(anonymous_1)
DA:1,5
DA:3,42
LF:2
LH:2
BRDA:3,0,0,25
BRF:1
BRH:1
end_of_record
TN:
SF:src/filters/gt/gt.ts
FN:4,(anonymous_0)
FN:4,(anonymous_1)
FNF:2
FNH:2
FNDA:10,(anonymous_0)
FNDA:16,(anonymous_1)
DA:2,4
DA:4,16
LF:2
LH:2
BRDA:4,0,0,0
BRDA:4,0,1,16
BRDA:4,1,0,2
BRDA:4,1,1,14
BRF:4
BRH:3
end_of_record
TN:
SF:src/filters/gte/gte.ts
FN:4,(anonymous_0)
FN:4,(anonymous_1)
FNF:2
FNH:2
FNDA:10,(anonymous_0)
FNDA:16,(anonymous_1)
DA:2,4
DA:4,10
DA:5,16
LF:3
LH:3
BRDA:5,0,0,0
BRDA:5,0,1,16
BRDA:5,1,0,2
BRDA:5,1,1,14
BRF:4
BRH:3
end_of_record
TN:
SF:src/filters/includes/includes.ts
FN:3,(anonymous_0)
FN:3,(anonymous_1)
FNF:2
FNH:2
FNDA:4,(anonymous_0)
FNDA:4,(anonymous_1)
DA:1,4
DA:3,4
LF:2
LH:2
BRDA:3,0,0,2
BRDA:3,0,1,2
BRF:2
BRH:2
end_of_record
TN:
SF:src/filters/lt/lt.ts
FN:4,(anonymous_0)
FN:4,(anonymous_1)
FNF:2
FNH:2
FNDA:10,(anonymous_0)
FNDA:16,(anonymous_1)
DA:2,4
DA:4,16
LF:2
LH:2
BRDA:4,0,0,0
BRDA:4,0,1,16
BRDA:4,1,0,2
BRDA:4,1,1,14
BRF:4
BRH:3
end_of_record
TN:
SF:src/filters/lte/lte.ts
FN:4,(anonymous_0)
FN:4,(anonymous_1)
FNF:2
FNH:2
FNDA:10,(anonymous_0)
FNDA:16,(anonymous_1)
DA:2,4
DA:4,16
LF:2
LH:2
BRDA:4,0,0,0
BRDA:4,0,1,16
BRDA:4,1,0,2
BRDA:4,1,1,14
BRF:4
BRH:3
end_of_record
TN:
SF:src/filters/match/match.ts
FN:4,(anonymous_0)
FN:4,(anonymous_1)
FNF:2
FNH:2
FNDA:8,(anonymous_0)
FNDA:13,(anonymous_1)
DA:2,4
DA:4,13
LF:2
LH:2
BRDA:4,0,0,1
BRDA:4,0,1,12
BRF:2
BRH:2
end_of_record
TN:
SF:src/filters/nil/nil.ts
FN:3,(anonymous_0)
FNF:1
FNH:1
FNDA:10,(anonymous_0)
DA:1,4
DA:3,10
LF:2
LH:2
BRF:0
BRH:0
end_of_record
TN:
SF:src/filters/of-type/of-type.ts
FN:4,(anonymous_0)
FN:4,(anonymous_1)
FNF:2
FNH:2
FNDA:10,(anonymous_0)
FNDA:130,(anonymous_1)
DA:2,1
DA:4,10
DA:5,130
LF:3
LH:3
BRDA:5,0,0,13
BRDA:5,0,1,117
BRDA:6,1,0,13
BRDA:6,1,1,104
BRDA:7,2,0,13
BRDA:7,2,1,91
BRDA:8,3,0,13
BRDA:8,3,1,78
BRDA:9,4,0,13
BRDA:9,4,1,65
BRDA:10,5,0,13
BRDA:10,5,1,52
BRDA:11,6,0,13
BRDA:11,6,1,39
BRDA:12,7,0,13
BRDA:12,7,1,26
BRDA:13,8,0,13
BRDA:13,8,1,13
BRDA:14,9,0,13
BRDA:14,9,1,0
BRF:20
BRH:19
end_of_record
TN:
SF:src/filters/starts-with/starts-with.ts
FN:4,(anonymous_0)
FN:4,(anonymous_1)
FNF:2
FNH:2
FNDA:6,(anonymous_0)
FNDA:7,(anonymous_1)
DA:2,4
DA:4,7
LF:2
LH:2
BRDA:4,0,0,2
BRDA:4,0,1,5
BRF:2
BRH:2
end_of_record
TN:
SF:src/filters/unique/unique.ts
FN:4,(anonymous_0)
FN:4,(anonymous_1)
FN:5,(anonymous_2)
FNF:3
FNH:3
FNDA:2,(anonymous_0)
FNDA:16,(anonymous_1)
FNDA:64,(anonymous_2)
DA:1,4
DA:4,4
DA:5,64
LF:3
LH:3
BRDA:4,0,0,1
BRDA:5,1,0,0
BRDA:5,1,1,16
BRDA:5,2,0,16
BRDA:5,2,1,16
BRF:5
BRH:4
end_of_record
TN:
SF:src/mappers/minus/minus.ts
FN:1,(anonymous_0)
FN:1,(anonymous_1)
FNF:2
FNH:2
FNDA:4,(anonymous_0)
FNDA:6,(anonymous_1)
DA:1,6
LF:1
LH:1
BRDA:1,0,0,2
BRF:1
BRH:1
end_of_record
TN:
SF:src/mappers/modulo/modulo.ts
FN:1,(anonymous_0)
FN:1,(anonymous_1)
FNF:2
FNH:2
FNDA:7,(anonymous_0)
FNDA:25,(anonymous_1)
DA:1,25
LF:1
LH:1
BRDA:1,0,0,2
BRF:1
BRH:1
end_of_record
TN:
SF:src/mappers/plus/plus.ts
FN:1,(anonymous_0)
FN:1,(anonymous_1)
FNF:2
FNH:2
FNDA:7,(anonymous_0)
FNDA:8,(anonymous_1)
DA:1,8
LF:1
LH:1
BRDA:1,0,0,1
BRF:1
BRH:1
end_of_record
TN:
SF:src/mappers/pow/pow.ts
FN:1,(anonymous_0)
FN:1,(anonymous_1)
FNF:2
FNH:2
FNDA:2,(anonymous_0)
FNDA:6,(anonymous_1)
DA:1,4
DA:2,6
LF:2
LH:2
BRF:0
BRH:0
end_of_record
TN:
SF:src/mappers/prop/prop.ts
FN:2,(anonymous_0)
FN:3,(anonymous_1)
FNF:2
FNH:2
FNDA:4,(anonymous_0)
FNDA:17,(anonymous_1)
DA:1,4
DA:2,4
DA:3,4
DA:4,17
LF:4
LH:4
BRF:0
BRH:0
end_of_record
TN:
SF:src/mappers/range/range.ts
FN:1,(anonymous_0)
FN:1,(anonymous_1)
FNF:2
FNH:2
FNDA:1,(anonymous_0)
FNDA:1,(anonymous_1)
DA:1,1
DA:2,1
LF:2
LH:2
BRF:0
BRH:0
end_of_record
TN:
SF:src/mappers/replace/replace.ts
FN:1,(anonymous_0)
FN:1,(anonymous_1)
FNF:2
FNH:2
FNDA:6,(anonymous_0)
FNDA:7,(anonymous_1)
DA:1,6
DA:2,7
LF:2
LH:2
BRF:0
BRH:0
end_of_record
TN:
SF:src/mappers/round/round.ts
FN:1,(anonymous_0)
FN:1,(anonymous_1)
FNF:2
FNH:2
FNDA:3,(anonymous_0)
FNDA:13,(anonymous_1)
DA:1,4
DA:2,13
LF:2
LH:2
BRDA:1,0,0,2
BRF:1
BRH:1
end_of_record
TN:
SF:src/mappers/substring/substring.ts
FN:1,(anonymous_0)
FN:1,(anonymous_1)
FNF:2
FNH:2
FNDA:6,(anonymous_0)
FNDA:6,(anonymous_1)
DA:1,6
DA:2,6
LF:2
LH:2
BRDA:2,0,0,2
BRDA:2,0,1,4
BRF:2
BRH:2
end_of_record
TN:
SF:src/mappers/times/times.ts
FN:1,(anonymous_0)
FN:1,(anonymous_1)
FNF:2
FNH:2
FNDA:5,(anonymous_0)
FNDA:6,(anonymous_1)
DA:1,6
LF:1
LH:1
BRF:0
BRH:0
end_of_record
TN:
SF:src/mappers/upper/upper.ts
FN:1,(anonymous_0)
FN:1,(anonymous_1)
FNF:2
FNH:2
FNDA:8,(anonymous_0)
FNDA:9,(anonymous_1)
DA:1,9
LF:1
LH:1
BRF:0
BRH:0
end_of_record
TN:
SF:src/operators/index.ts
FNF:0
FNH:0
DA:1,11
DA:2,11
DA:3,11
DA:4,11
DA:5,11
DA:6,11
DA:7,11
DA:8,11
DA:9,11
DA:10,11
DA:11,11
DA:12,11
DA:13,11
DA:14,11
DA:15,11
DA:16,11
DA:17,11
DA:18,11
DA:19,11
DA:20,11
DA:21,11
DA:22,11
DA:23,11
DA:24,11
DA:25,11
DA:26,11
DA:27,11
LF:27
LH:27
BRF:0
BRH:0
end_of_record
TN:
SF:src/operators/filter/filter.ts
FN:4,(anonymous_0)
FN:4,(anonymous_1)
FNF:2
FNH:2
FNDA:2,(anonymous_0)
FNDA:2,(anonymous_1)
DA:2,12
DA:4,12
LF:2
LH:2
BRDA:4,0,0,1
BRDA:4,0,1,1
BRF:2
BRH:2
end_of_record
TN:
SF:src/operators/find/find.ts
FN:4,(anonymous_0)
FN:4,(anonymous_1)
FNF:2
FNH:2
FNDA:3,(anonymous_0)
FNDA:3,(anonymous_1)
DA:2,11
DA:4,11
LF:2
LH:2
BRDA:4,0,0,1
BRDA:4,0,1,2
BRF:2
BRH:2
end_of_record
TN:
SF:src/operators/find-index/find-index.ts
FN:4,(anonymous_0)
FN:4,(anonymous_1)
FNF:2
FNH:2
FNDA:3,(anonymous_0)
FNDA:3,(anonymous_1)
DA:2,11
DA:4,11
LF:2
LH:2
BRDA:4,0,0,1
BRDA:4,0,1,2
BRDA:4,1,0,1
BRDA:4,1,1,1
BRF:4
BRH:4
end_of_record
TN:
SF:src/operators/identity/identity.ts
FN:1,(anonymous_0)
FN:1,(anonymous_1)
FNF:2
FNH:2
FNDA:17,(anonymous_0)
FNDA:173,(anonymous_1)
DA:1,173
LF:1
LH:1
BRF:0
BRH:0
end_of_record
TN:
SF:src/operators/iif/iif.ts
FN:5,(anonymous_0)
FN:6,(anonymous_1)
FNF:2
FNH:2
FNDA:4,(anonymous_0)
FNDA:4,(anonymous_1)
DA:2,12
DA:4,12
DA:5,12
DA:6,4
DA:7,4
LF:5
LH:5
BRDA:7,0,0,2
BRDA:7,0,1,2
BRDA:7,1,0,2
BRDA:7,1,1,0
BRDA:7,2,0,1
BRDA:7,2,1,1
BRF:6
BRH:5
end_of_record
TN:
SF:src/operators/index-of/index-of.ts
FN:4,(anonymous_0)
FN:4,(anonymous_1)
FN:6,(anonymous_2)
FNF:3
FNH:3
FNDA:4,(anonymous_0)
FNDA:4,(anonymous_1)
FNDA:4,(anonymous_2)
DA:1,12
DA:2,12
DA:4,12
DA:5,4
DA:6,4
LF:5
LH:5
BRDA:5,0,0,2
BRDA:5,0,1,2
BRDA:6,1,0,2
BRDA:6,1,1,0
BRDA:6,2,0,1
BRDA:6,2,1,1
BRDA:6,3,0,2
BRDA:6,3,1,2
BRDA:7,4,0,0
BRDA:7,4,1,0
BRF:10
BRH:7
end_of_record
TN:
SF:src/operators/keys/keys.ts
FN:7,keys
FN:8,(anonymous_1)
FNF:2
FNH:2
FNDA:5,keys
FNDA:5,(anonymous_1)
DA:1,13
DA:7,13
DA:8,5
LF:3
LH:3
BRDA:8,0,0,1
BRDA:8,0,1,4
BRDA:8,1,0,4
BRDA:8,1,1,0
BRF:4
BRH:3
end_of_record
TN:
SF:src/operators/length/length.ts
FN:3,(anonymous_0)
FN:3,(anonymous_1)
FNF:2
FNH:2
FNDA:2,(anonymous_0)
FNDA:2,(anonymous_1)
DA:1,12
DA:3,12
LF:2
LH:2
BRDA:3,0,0,0
BRDA:3,0,1,2
BRDA:3,1,0,1
BRDA:3,1,1,1
BRDA:3,2,0,1
BRDA:3,2,1,0
BRF:6
BRH:4
end_of_record
TN:
SF:src/operators/map/map.ts
FN:4,(anonymous_0)
FN:4,(anonymous_1)
FN:6,(anonymous_2)
FNF:3
FNH:3
FNDA:2,(anonymous_0)
FNDA:2,(anonymous_1)
FNDA:4,(anonymous_2)
DA:2,12
DA:4,12
DA:5,2
DA:6,4
LF:4
LH:4
BRDA:5,0,0,1
BRDA:5,0,1,1
BRDA:6,1,0,1
BRDA:6,1,1,0
BRF:4
BRH:3
end_of_record
TN:
SF:src/operators/reduce/reduce.ts
FN:6,reduce
FN:7,(anonymous_1)
FNF:2
FNH:2
FNDA:8,reduce
FNDA:8,(anonymous_1)
DA:2,12
DA:6,12
DA:7,8
LF:3
LH:3
BRDA:7,0,0,6
BRDA:7,0,1,2
BRDA:8,1,0,0
BRDA:8,1,1,6
BRDA:9,2,0,5
BRDA:9,2,1,1
BRF:6
BRH:5
end_of_record
TN:
SF:src/operators/reverse/reverse.ts
FN:3,(anonymous_0)
FN:3,(anonymous_1)
FNF:2
FNH:2
FNDA:2,(anonymous_0)
FNDA:2,(anonymous_1)
DA:1,12
DA:3,12
LF:2
LH:2
BRDA:3,0,0,1
BRDA:3,0,1,1
BRF:2
BRH:2
end_of_record
TN:
SF:src/operators/some/some.ts
FN:4,(anonymous_0)
FN:4,(anonymous_1)
FNF:2
FNH:2
FNDA:8,(anonymous_0)
FNDA:8,(anonymous_1)
DA:2,12
DA:4,12
LF:2
LH:2
BRDA:4,0,0,8
BRDA:4,0,1,0
BRF:2
BRH:1
end_of_record
TN:
SF:src/operators/sort/sort.ts
FN:4,(anonymous_0)
FN:4,(anonymous_1)
FN:5,(anonymous_2)
FN:5,(anonymous_3)
FNF:4
FNH:4
FNDA:3,(anonymous_0)
FNDA:3,(anonymous_1)
FNDA:8,(anonymous_2)
FNDA:8,(anonymous_3)
DA:2,12
DA:4,12
DA:5,8
LF:3
LH:3
BRDA:5,0,0,2
BRDA:5,0,1,1
BRDA:5,1,0,8
BRDA:5,1,1,0
BRF:4
BRH:3
end_of_record
TN:
SF:src/operators/tap/tap.ts
FN:1,(anonymous_0)
FN:2,(anonymous_1)
FNF:2
FNH:2
FNDA:1,(anonymous_0)
FNDA:1,(anonymous_1)
DA:1,12
DA:2,1
DA:3,1
DA:4,1
LF:4
LH:4
BRF:0
BRH:0
end_of_record
TN:
SF:src/operators/values/values.ts
FN:3,(anonymous_0)
FN:3,(anonymous_1)
FNF:2
FNH:2
FNDA:11,(anonymous_0)
FNDA:12,(anonymous_1)
DA:1,13
DA:3,13
LF:2
LH:2
BRDA:3,0,0,5
BRDA:3,0,1,7
BRF:2
BRH:2
end_of_record
TN:
SF:src/operators/walk/walk.ts
FN:5,(anonymous_0)
FN:30,(anonymous_1)
FN:30,(anonymous_2)
FNF:3
FNH:3
FNDA:10,(anonymous_0)
FNDA:2,(anonymous_1)
FNDA:2,(anonymous_2)
DA:2,12
DA:3,12
DA:5,12
DA:6,10
DA:7,10
DA:8,5
DA:11,5
DA:12,5
DA:13,9
DA:14,1
DA:17,8
DA:21,5
DA:22,0
DA:23,0
DA:27,5
DA:30,12
LF:16
LH:14
BRDA:5,0,0,2
BRDA:7,1,0,5
BRDA:11,2,0,5
BRDA:13,3,0,1
BRDA:21,4,0,0
BRF:5
BRH:4
end_of_record
TN:
SF:src/reducers/avg/avg.ts
FN:4,(anonymous_0)
FN:4,(anonymous_1)
FN:5,(anonymous_2)
FNF:3
FNH:3
FNDA:1,(anonymous_0)
FNDA:4,(anonymous_1)
FNDA:1,(anonymous_2)
DA:1,1
DA:2,1
DA:4,1
DA:5,4
LF:4
LH:4
BRF:0
BRH:0
end_of_record
TN:
SF:src/reducers/chunk/chunk.ts
FN:3,(anonymous_0)
FN:3,(anonymous_1)
FN:4,(anonymous_2)
FNF:3
FNH:3
FNDA:7,(anonymous_0)
FNDA:51,(anonymous_1)
FNDA:6,(anonymous_2)
DA:1,1
DA:3,7
DA:4,51
DA:5,6
DA:6,6
DA:7,23
DA:10,6
LF:7
LH:7
BRDA:3,0,0,3
BRF:1
BRH:1
end_of_record
TN:
SF:src/reducers/first/first.ts
FN:3,(anonymous_0)
FN:3,(anonymous_1)
FN:4,(anonymous_2)
FNF:3
FNH:3
FNDA:3,(anonymous_0)
FNDA:6,(anonymous_1)
FNDA:3,(anonymous_2)
DA:1,1
DA:3,3
DA:4,6
LF:3
LH:3
BRF:0
BRH:0
end_of_record
TN:
SF:src/reducers/flatten/flatten.ts
FN:3,(anonymous_0)
FN:3,(anonymous_1)
FN:4,(anonymous_2)
FNF:3
FNH:3
FNDA:2,(anonymous_0)
FNDA:4,(anonymous_1)
FNDA:2,(anonymous_2)
DA:1,1
DA:3,2
DA:4,4
LF:3
LH:3
BRDA:3,0,0,1
BRF:1
BRH:1
end_of_record
TN:
SF:src/reducers/head/head.ts
FN:3,(anonymous_0)
FNF:1
FNH:1
FNDA:6,(anonymous_0)
DA:1,1
DA:3,6
LF:2
LH:2
BRDA:3,0,0,3
BRF:1
BRH:1
end_of_record
TN:
SF:src/reducers/join/join.ts
FN:3,(anonymous_0)
FN:3,(anonymous_1)
FN:4,(anonymous_2)
FNF:3
FNH:3
FNDA:1,(anonymous_0)
FNDA:2,(anonymous_1)
FNDA:1,(anonymous_2)
DA:1,1
DA:3,1
DA:4,2
LF:3
LH:3
BRDA:3,0,0,1
BRF:1
BRH:1
end_of_record
TN:
SF:src/reducers/last/last.ts
FN:3,(anonymous_0)
FN:3,(anonymous_1)
FN:4,(anonymous_2)
FNF:3
FNH:3
FNDA:3,(anonymous_0)
FNDA:6,(anonymous_1)
FNDA:3,(anonymous_2)
DA:1,1
DA:3,3
DA:4,6
LF:3
LH:3
BRF:0
BRH:0
end_of_record
TN:
SF:src/reducers/max/max.ts
FN:3,(anonymous_0)
FN:6,(anonymous_1)
FN:7,(anonymous_2)
FNF:3
FNH:3
FNDA:8,(anonymous_0)
FNDA:4,(anonymous_1)
FNDA:8,(anonymous_2)
DA:3,8
DA:5,1
DA:6,1
DA:7,4
DA:8,8
LF:5
LH:5
BRDA:3,0,0,4
BRDA:3,0,1,4
BRDA:6,1,0,4
BRF:3
BRH:3
end_of_record
TN:
SF:src/reducers/min/min.ts
FN:1,(anonymous_0)
FN:3,(anonymous_1)
FN:3,(anonymous_2)
FNF:3
FNH:3
FNDA:8,(anonymous_0)
FNDA:4,(anonymous_1)
FNDA:8,(anonymous_2)
DA:1,8
DA:3,8
LF:2
LH:2
BRDA:1,0,0,8
BRDA:1,0,1,0
BRDA:3,1,0,4
BRF:3
BRH:2
end_of_record
TN:
SF:src/reducers/nth/nth.ts
FN:3,(anonymous_0)
FN:3,(anonymous_1)
FN:4,(anonymous_2)
FNF:3
FNH:3
FNDA:3,(anonymous_0)
FNDA:6,(anonymous_1)
FNDA:3,(anonymous_2)
DA:1,1
DA:3,3
DA:4,6
LF:3
LH:3
BRF:0
BRH:0
end_of_record
TN:
SF:src/reducers/sample/sample.ts
FN:3,(anonymous_0)
FN:3,(anonymous_1)
FN:4,(anonymous_2)
FNF:3
FNH:3
FNDA:10,(anonymous_0)
FNDA:90,(anonymous_1)
FNDA:10,(anonymous_2)
DA:1,1
DA:3,10
DA:4,90
LF:3
LH:3
BRF:0
BRH:0
end_of_record
TN:
SF:src/reducers/slice/slice.ts
FN:3,(anonymous_0)
FN:3,(anonymous_1)
FN:4,(anonymous_2)
FNF:3
FNH:3
FNDA:14,(anonymous_0)
FNDA:42,(anonymous_1)
FNDA:14,(anonymous_2)
DA:1,3
DA:3,14
DA:4,42
LF:3
LH:3
BRDA:3,0,0,2
BRDA:4,1,0,6
BRDA:4,1,1,8
BRF:3
BRH:3
end_of_record
TN:
SF:src/reducers/sum/sum.ts
FN:3,(anonymous_0)
FN:5,(anonymous_1)
FN:5,(anonymous_2)
FNF:3
FNH:3
FNDA:9,(anonymous_0)
FNDA:3,(anonymous_1)
FNDA:9,(anonymous_2)
DA:1,2
DA:3,9
DA:5,9
LF:3
LH:3
BRDA:3,0,0,7
BRDA:3,0,1,2
BRDA:3,1,0,9
BRDA:3,1,1,7
BRDA:3,2,0,2
BRDA:3,2,1,0
BRDA:3,3,0,2
BRDA:3,3,1,2
BRDA:5,4,0,3
BRF:9
BRH:8
end_of_record
TN:
SF:src/reducers/tail/tail.ts
FN:3,(anonymous_0)
FNF:1
FNH:1
FNDA:6,(anonymous_0)
DA:1,1
DA:3,6
LF:2
LH:2
BRDA:3,0,0,3
BRF:1
BRH:1
end_of_record
TN:
SF:src/reducers/zip/zip.ts
FN:3,(anonymous_0)
FN:15,(anonymous_1)
FN:15,(anonymous_2)
FNF:3
FNH:3
FNDA:3,(anonymous_0)
FNDA:1,(anonymous_1)
FNDA:2,(anonymous_2)
DA:1,1
DA:3,1
DA:4,3
DA:5,6
DA:6,2
DA:9,6
DA:12,3
DA:15,2
LF:8
LH:8
BRDA:5,0,0,2
BRF:1
BRH:1
end_of_record
TN:
SF:src/sorters/asc/asc.ts
FN:5,(anonymous_0)
FN:5,(anonymous_1)
FNF:2
FNH:2
FNDA:6,(anonymous_0)
FNDA:18,(anonymous_1)
DA:1,1
DA:3,1
DA:5,18
LF:3
LH:3
BRDA:5,0,0,5
BRF:1
BRH:1
end_of_record
TN:
SF:src/sorters/desc/desc.ts
FN:5,(anonymous_0)
FN:5,(anonymous_1)
FNF:2
FNH:2
FNDA:6,(anonymous_0)
FNDA:18,(anonymous_1)
DA:1,1
DA:3,1
DA:5,18
LF:3
LH:3
BRDA:5,0,0,5
BRF:1
BRH:1
end_of_record
TN:
SF:src/utils/index.ts
FNF:0
FNH:0
DA:1,65
DA:2,65
DA:3,65
DA:4,65
LF:4
LH:4
BRF:0
BRH:0
end_of_record
TN:
SF:src/utils/object/object.utils.ts
FN:3,(anonymous_0)
FN:4,(anonymous_1)
FN:5,(anonymous_2)
FN:6,(anonymous_3)
FN:7,(anonymous_4)
FN:8,(anonymous_5)
FN:9,(anonymous_6)
FN:10,(anonymous_7)
FN:11,(anonymous_8)
FN:12,(anonymous_9)
FN:13,(anonymous_10)
FN:14,(anonymous_11)
FN:15,(anonymous_12)
FN:16,(anonymous_13)
FN:17,(anonymous_14)
FN:18,(anonymous_15)
FN:19,(anonymous_16)
FN:20,(anonymous_17)
FN:20,(anonymous_18)
FN:35,(anonymous_19)
FN:35,(anonymous_20)
FN:35,(anonymous_21)
FN:36,(anonymous_22)
FN:36,(anonymous_23)
FN:36,(anonymous_24)
FN:38,(anonymous_25)
FN:38,(anonymous_26)
FN:40,(anonymous_27)
FN:42,(anonymous_28)
FN:43,(anonymous_29)
FNF:30
FNH:30
FNDA:385,(anonymous_0)
FNDA:386,(anonymous_1)
FNDA:359,(anonymous_2)
FNDA:133,(anonymous_3)
FNDA:118,(anonymous_4)
FNDA:62,(anonymous_5)
FNDA:10,(anonymous_6)
FNDA:4,(anonymous_7)
FNDA:59,(anonymous_8)
FNDA:43,(anonymous_9)
FNDA:42,(anonymous_10)
FNDA:34,(anonymous_11)
FNDA:39,(anonymous_12)
FNDA:570,(anonymous_13)
FNDA:229,(anonymous_14)
FNDA:30,(anonymous_15)
FNDA:138,(anonymous_16)
FNDA:14,(anonymous_17)
FNDA:158,(anonymous_18)
FNDA:60,(anonymous_19)
FNDA:4,(anonymous_20)
FNDA:4,(anonymous_21)
FNDA:27,(anonymous_22)
FNDA:23,(anonymous_23)
FNDA:8,(anonymous_24)
FNDA:5,(anonymous_25)
FNDA:7,(anonymous_26)
FNDA:2,(anonymous_27)
FNDA:6,(anonymous_28)
FNDA:6,(anonymous_29)
DA:3,385
DA:4,386
DA:5,359
DA:6,133
DA:7,118
DA:8,67
DA:9,67
DA:10,67
DA:11,67
DA:12,67
DA:13,67
DA:14,67
DA:15,67
DA:16,570
DA:17,229
DA:18,67
DA:19,138
DA:20,67
DA:21,158
DA:35,67
DA:36,67
DA:38,67
DA:40,67
DA:42,67
DA:43,6
DA:44,6
DA:45,6
DA:46,6
DA:49,6
DA:52,6
DA:53,0
DA:56,6
DA:57,6
DA:58,54
DA:59,6
DA:60,6
DA:62,54
DA:63,6
DA:64,6
DA:65,6
DA:68,48
DA:69,0
DA:71,48
DA:72,0
DA:74,48
DA:75,12
DA:79,6
LF:47
LH:44
BRDA:5,0,0,359
BRDA:5,0,1,344
BRDA:14,1,0,34
BRDA:14,1,1,31
BRDA:14,1,2,23
BRDA:14,1,3,20
BRDA:17,2,0,229
BRDA:17,2,1,151
BRDA:17,2,2,148
BRDA:18,3,0,6
BRDA:18,3,1,24
BRDA:18,4,0,10
BRDA:18,4,1,14
BRDA:18,5,0,6
BRDA:18,5,1,8
BRDA:18,6,0,4
BRDA:18,6,1,4
BRDA:18,7,0,1
BRDA:18,7,1,3
BRDA:18,8,0,1
BRDA:18,8,1,2
BRDA:18,9,0,2
BRDA:18,9,1,0
BRDA:21,10,0,13
BRDA:21,10,1,145
BRDA:22,11,0,13
BRDA:22,11,1,132
BRDA:23,12,0,13
BRDA:23,12,1,119
BRDA:24,13,0,13
BRDA:24,13,1,106
BRDA:25,14,0,13
BRDA:25,14,1,93
BRDA:26,15,0,13
BRDA:26,15,1,80
BRDA:27,16,0,13
BRDA:27,16,1,67
BRDA:28,17,0,13
BRDA:28,17,1,54
BRDA:29,18,0,13
BRDA:29,18,1,41
BRDA:30,19,0,13
BRDA:30,19,1,28
BRDA:31,20,0,13
BRDA:31,20,1,15
BRDA:32,21,0,13
BRDA:32,21,1,2
BRDA:35,22,0,5
BRDA:35,22,1,55
BRDA:35,23,0,60
BRDA:35,23,1,5
BRDA:35,24,0,0
BRDA:35,24,1,5
BRDA:35,25,0,6
BRDA:35,25,1,49
BRDA:35,26,0,55
BRDA:35,26,1,6
BRDA:35,27,0,0
BRDA:35,27,1,6
BRDA:36,28,0,0
BRDA:36,28,1,27
BRDA:36,29,0,27
BRDA:36,29,1,27
BRDA:36,30,0,27
BRDA:36,30,1,0
BRDA:36,31,0,27
BRDA:36,31,1,27
BRDA:36,32,0,27
BRDA:36,32,1,7
BRDA:38,33,0,0
BRDA:38,33,1,5
BRDA:38,34,0,0
BRDA:38,34,1,5
BRDA:38,35,0,0
BRDA:38,35,1,5
BRDA:38,36,0,5
BRDA:38,36,1,5
BRDA:38,37,0,0
BRDA:38,37,1,5
BRDA:38,38,0,5
BRDA:38,38,1,0
BRDA:38,39,0,5
BRDA:38,39,1,0
BRDA:38,40,0,5
BRDA:38,40,1,5
BRDA:38,41,0,5
BRDA:38,41,1,5
BRDA:44,42,0,6
BRDA:44,42,1,0
BRDA:45,43,0,6
BRDA:45,43,1,0
BRDA:46,44,0,0
BRDA:46,44,1,6
BRDA:52,45,0,0
BRDA:58,46,0,6
BRDA:58,47,0,54
BRDA:58,47,1,6
BRDA:58,47,2,6
BRDA:62,48,0,6
BRDA:62,49,0,54
BRDA:62,49,1,6
BRDA:62,49,2,6
BRDA:64,50,0,6
BRDA:68,51,0,0
BRDA:68,52,0,48
BRDA:68,52,1,0
BRDA:68,52,2,0
BRDA:71,53,0,0
BRDA:71,54,0,48
BRDA:71,54,1,0
BRDA:71,54,2,0
BRDA:74,55,0,12
BRDA:74,56,0,48
BRDA:74,56,1,12
BRDA:74,56,2,12
BRDA:74,56,3,12
BRDA:79,57,0,0
BRDA:79,57,1,6
BRDA:79,58,0,6
BRDA:79,58,1,0
BRF:120
BRH:97
end_of_record
TN:
SF:src/utils/reducer/reducer.utils.ts
FN:5,(anonymous_0)
FN:17,(anonymous_1)
FN:29,(anonymous_2)
FNF:3
FNH:3
FNDA:2,(anonymous_0)
FNDA:21,(anonymous_1)
FNDA:311,(anonymous_2)
DA:1,65
DA:5,65
DA:6,2
DA:8,2
DA:9,1
DA:10,1
DA:11,1
DA:14,2
DA:17,65
DA:18,21
DA:20,21
DA:21,21
DA:22,0
DA:23,0
DA:26,21
DA:29,311
LF:16
LH:14
BRDA:8,0,0,1
BRDA:8,0,1,1
BRDA:8,1,0,2
BRDA:8,1,1,2
BRDA:8,1,2,2
BRDA:8,1,3,1
BRDA:10,2,0,1
BRDA:20,3,0,21
BRDA:20,3,1,0
BRDA:20,4,0,21
BRDA:20,4,1,21
BRDA:22,5,0,0
BRDA:22,6,0,0
BRDA:22,6,1,0
BRDA:29,7,0,208
BRDA:29,7,1,103
BRF:16
BRH:12
end_of_record
